Using pre-set license
Built from '2021.3/staging' branch; Version is '2021.3.8f1 (b30333d56e81) revision 11731763'; Using compiler version '192829333'; Build Type 'Release'
OS: 'Windows 11  (10.0.22631) 64bit Core' Language: 'ko' Physical Memory: 16317 MB
BatchMode: 1, IsHumanControllingUs: 0, StartBugReporterOnCrash: 0, Is64bit: 1, IsPro: 1

COMMAND LINE ARGUMENTS:
C:\Program Files\Unity\Hub\Editor\2021.3.8f1\Editor\Unity.exe
-adb2
-batchMode
-noUpm
-name
AssetImportWorker1
-projectPath
C:/Users/nwond/OneDrive/바탕 화면/Photon-Server/Photon Server
-logFile
Logs/AssetImportWorker1.log
-srvPort
51782
Successfully changed project path to: C:/Users/nwond/OneDrive/바탕 화면/Photon-Server/Photon Server
C:/Users/nwond/OneDrive/바탕 화면/Photon-Server/Photon Server
[UnityMemory] Configuration Parameters - Can be set up in boot.config
    "memorysetup-bucket-allocator-granularity=16"
    "memorysetup-bucket-allocator-bucket-count=8"
    "memorysetup-bucket-allocator-block-size=33554432"
    "memorysetup-bucket-allocator-block-count=8"
    "memorysetup-main-allocator-block-size=16777216"
    "memorysetup-thread-allocator-block-size=16777216"
    "memorysetup-gfx-main-allocator-block-size=16777216"
    "memorysetup-gfx-thread-allocator-block-size=16777216"
    "memorysetup-cache-allocator-block-size=4194304"
    "memorysetup-typetree-allocator-block-size=2097152"
    "memorysetup-profiler-bucket-allocator-granularity=16"
    "memorysetup-profiler-bucket-allocator-bucket-count=8"
    "memorysetup-profiler-bucket-allocator-block-size=33554432"
    "memorysetup-profiler-bucket-allocator-block-count=8"
    "memorysetup-profiler-allocator-block-size=16777216"
    "memorysetup-profiler-editor-allocator-block-size=1048576"
    "memorysetup-temp-allocator-size-main=16777216"
    "memorysetup-job-temp-allocator-block-size=2097152"
    "memorysetup-job-temp-allocator-block-size-background=1048576"
    "memorysetup-job-temp-allocator-reduction-small-platforms=262144"
    "memorysetup-temp-allocator-size-background-worker=32768"
    "memorysetup-temp-allocator-size-job-worker=262144"
    "memorysetup-temp-allocator-size-preload-manager=33554432"
    "memorysetup-temp-allocator-size-nav-mesh-worker=65536"
    "memorysetup-temp-allocator-size-audio-worker=65536"
    "memorysetup-temp-allocator-size-cloud-worker=32768"
    "memorysetup-temp-allocator-size-gi-baking-worker=262144"
    "memorysetup-temp-allocator-size-gfx=262144"
Refreshing native plugins compatible for Editor in 102.78 ms, found 6 plugins.
Preloading 0 native plugins for Editor in 0.00 ms.
Initialize engine version: 2021.3.8f1 (b30333d56e81)
[Subsystems] Discovering subsystems at path C:/Program Files/Unity/Hub/Editor/2021.3.8f1/Editor/Data/Resources/UnitySubsystems
[Subsystems] Discovering subsystems at path C:/Users/nwond/OneDrive/바탕 화면/Photon-Server/Photon Server/Assets
GfxDevice: creating device client; threaded=0; jobified=0
Direct3D:
    Version:  Direct3D 11.0 [level 11.1]
    Renderer: NVIDIA GeForce RTX 3060 (ID=0x2544)
    Vendor:   NVIDIA
    VRAM:     8036 MB
    Driver:   31.0.15.5123
Initialize mono
Mono path[0] = 'C:/Program Files/Unity/Hub/Editor/2021.3.8f1/Editor/Data/Managed'
Mono path[1] = 'C:/Program Files/Unity/Hub/Editor/2021.3.8f1/Editor/Data/MonoBleedingEdge/lib/mono/unityjit-win32'
Mono config path = 'C:/Program Files/Unity/Hub/Editor/2021.3.8f1/Editor/Data/MonoBleedingEdge/etc'
Using monoOptions --debugger-agent=transport=dt_socket,embedding=1,server=y,suspend=n,address=127.0.0.1:56116
Begin MonoManager ReloadAssembly
Registering precompiled unity dll's ...
Register platform support module: C:/Program Files/Unity/Hub/Editor/2021.3.8f1/Editor/Data/PlaybackEngines/AndroidPlayer/UnityEditor.Android.Extensions.dll
Register platform support module: C:/Program Files/Unity/Hub/Editor/2021.3.8f1/Editor/Data/PlaybackEngines/WindowsStandaloneSupport/UnityEditor.WindowsStandalone.Extensions.dll
Registered in 0.004176 seconds.
Native extension for WindowsStandalone target not found
Native extension for Android target not found
Refreshing native plugins compatible for Editor in 85.59 ms, found 6 plugins.
Preloading 0 native plugins for Editor in 0.00 ms.
Mono: successfully reloaded assembly
- Completed reload, in  0.625 seconds
Domain Reload Profiling:
	ReloadAssembly (626ms)
		BeginReloadAssembly (68ms)
			ExecutionOrderSort (0ms)
			DisableScriptedObjects (0ms)
			BackupInstance (0ms)
			ReleaseScriptingObjects (0ms)
			CreateAndSetChildDomain (1ms)
		EndReloadAssembly (457ms)
			LoadAssemblies (66ms)
			RebuildTransferFunctionScriptingTraits (0ms)
			SetupTypeCache (109ms)
			ReleaseScriptCaches (0ms)
			RebuildScriptCaches (26ms)
			SetupLoadedEditorAssemblies (275ms)
				LogAssemblyErrors (0ms)
				InitializePlatformSupportModulesInManaged (55ms)
				SetLoadedEditorAssemblies (2ms)
				RefreshPlugins (86ms)
				BeforeProcessingInitializeOnLoad (1ms)
				ProcessInitializeOnLoadAttributes (85ms)
				ProcessInitializeOnLoadMethodAttributes (47ms)
				AfterProcessingInitializeOnLoad (0ms)
				EditorAssembliesLoaded (0ms)
			ExecutionOrderSort2 (0ms)
			AwakeInstancesAfterBackupRestoration (0ms)
Platform modules already initialized, skipping
Registering precompiled user dll's ...
Registered in 0.009162 seconds.
Begin MonoManager ReloadAssembly
Symbol file LoadedFromMemory doesn't match image C:\Users\nwond\OneDrive\바탕 화면\Photon-Server\Photon Server\Library\PackageCache\com.unity.visualscripting@1.7.8\Editor\VisualScripting.Core\Dependencies\DotNetZip\Unity.VisualScripting.IonicZip.dll
Symbol file LoadedFromMemory doesn't match image C:\Users\nwond\OneDrive\바탕 화면\Photon-Server\Photon Server\Library\PackageCache\com.unity.visualscripting@1.7.8\Editor\VisualScripting.Core\Dependencies\YamlDotNet\Unity.VisualScripting.YamlDotNet.dll
Native extension for WindowsStandalone target not found
Native extension for Android target not found
Refreshing native plugins compatible for Editor in 1.07 ms, found 6 plugins.
Preloading 0 native plugins for Editor in 0.00 ms.
Mono: successfully reloaded assembly
- Completed reload, in  1.321 seconds
Domain Reload Profiling:
	ReloadAssembly (1322ms)
		BeginReloadAssembly (200ms)
			ExecutionOrderSort (0ms)
			DisableScriptedObjects (5ms)
			BackupInstance (0ms)
			ReleaseScriptingObjects (0ms)
			CreateAndSetChildDomain (119ms)
		EndReloadAssembly (1010ms)
			LoadAssemblies (76ms)
			RebuildTransferFunctionScriptingTraits (0ms)
			SetupTypeCache (305ms)
			ReleaseScriptCaches (1ms)
			RebuildScriptCaches (56ms)
			SetupLoadedEditorAssemblies (526ms)
				LogAssemblyErrors (0ms)
				InitializePlatformSupportModulesInManaged (14ms)
				SetLoadedEditorAssemblies (1ms)
				RefreshPlugins (1ms)
				BeforeProcessingInitializeOnLoad (89ms)
				ProcessInitializeOnLoadAttributes (383ms)
				ProcessInitializeOnLoadMethodAttributes (28ms)
				AfterProcessingInitializeOnLoad (8ms)
				EditorAssembliesLoaded (0ms)
			ExecutionOrderSort2 (0ms)
			AwakeInstancesAfterBackupRestoration (6ms)
Platform modules already initialized, skipping
========================================================================
Worker process is ready to serve import requests
Launched and connected shader compiler UnityShaderCompiler.exe after 0.05 seconds
Refreshing native plugins compatible for Editor in 1.48 ms, found 6 plugins.
Preloading 0 native plugins for Editor in 0.00 ms.
Unloading 3921 Unused Serialized files (Serialized files now loaded: 0)
Unloading 74 unused Assets / (112.5 KB). Loaded Objects now: 4340.
Memory consumption went from 144.9 MB to 144.8 MB.
Total: 3.691300 ms (FindLiveObjects: 0.393800 ms CreateObjectMapping: 0.112700 ms MarkObjects: 3.050500 ms  DeleteObjects: 0.133200 ms)

AssetImportParameters requested are different than current active one (requested -> active):
  custom:video-decoder-ogg-theora: a1e56fd34408186e4bbccfd4996cb3dc -> 
  custom:container-muxer-webm: aa71ff27fc2769a1b78a27578f13a17b -> 
  custom:container-demuxer-webm: 4f35f7cbe854078d1ac9338744f61a02 -> 
  custom:video-encoder-webm-vp8: eb34c28f22e8b96e1ab97ce403110664 -> 
  custom:video-codec-MediaFoundation-h265: 746d11721c4dcdbdad8f713fa42b33f4 -> 
  custom:audio-encoder-webm-vorbis: bf7c407c2cedff20999df2af8eb42d56 -> 
  custom:framework-win-MediaFoundation: 216162199b28c13a410421893ffa2e32 -> 
  custom:container-demuxer-ogg: 62fdf1f143b41e24485cea50d1cbac27 -> 
  custom:video-decoder-webm-vp8: 9c59270c3fd7afecdb556c50c9e8de78 -> 
  custom:audio-decoder-ogg-vorbis: bf7c407c2cedff20999df2af8eb42d56 -> 
========================================================================
Received Import Request.
  Time since last request: 629024.390835 seconds.
  path: Assets/PPT Data/Photon PlayFab.pptx
  artifactKey: Guid(5713e50a22ec7d14a8134270dd846a72) Importer(815301076,1909f56bfc062723c751e8b465ee728b)
Start importing Assets/PPT Data/Photon PlayFab.pptx using Guid(5713e50a22ec7d14a8134270dd846a72) Importer(815301076,1909f56bfc062723c751e8b465ee728b)  -> (artifact id: '46362a05b17baa41741fa8c78c1f9a5c') in 0.031188 seconds 
========================================================================
Received Import Request.
  Time since last request: 2404.114621 seconds.
  path: Assets/iPoly3D/Server Room/Materials/Server_Material.mat
  artifactKey: Guid(dc772efc330be464785be67d4a6ee8a6) Importer(815301076,1909f56bfc062723c751e8b465ee728b)
Start importing Assets/iPoly3D/Server Room/Materials/Server_Material.mat using Guid(dc772efc330be464785be67d4a6ee8a6) Importer(815301076,1909f56bfc062723c751e8b465ee728b)  -> (artifact id: 'f117690c9546d11fd57f7cefa85a2d19') in 0.104048 seconds 
========================================================================
Received Import Request.
  Time since last request: 0.000039 seconds.
  path: Assets/iPoly3D/Server Room/Materials/Server_Material_White_Glow.mat
  artifactKey: Guid(f38c3a4df1a13aa43aa34ed48cb326f7) Importer(815301076,1909f56bfc062723c751e8b465ee728b)
Start importing Assets/iPoly3D/Server Room/Materials/Server_Material_White_Glow.mat using Guid(f38c3a4df1a13aa43aa34ed48cb326f7) Importer(815301076,1909f56bfc062723c751e8b465ee728b)  -> (artifact id: 'd4d86be958448a100a3b6db83ca380d1') in 0.039382 seconds 
========================================================================
Received Import Request.
  Time since last request: 0.243232 seconds.
  path: Assets/iPoly3D/Server Room/Models/box.fbx
  artifactKey: Guid(c9c6ccaa5a4cfd34388852fcd337ddcf) Importer(815301076,1909f56bfc062723c751e8b465ee728b)
Start importing Assets/iPoly3D/Server Room/Models/box.fbx using Guid(c9c6ccaa5a4cfd34388852fcd337ddcf) Importer(815301076,1909f56bfc062723c751e8b465ee728b)  -> (artifact id: '99853709986f60e2a3c671068e15b455') in 0.066401 seconds 
========================================================================
Received Import Request.
  Time since last request: 0.000021 seconds.
  path: Assets/iPoly3D/Server Room/Models/panel.fbx
  artifactKey: Guid(6c0dccc34dccb644c92e648bd6e4e73a) Importer(815301076,1909f56bfc062723c751e8b465ee728b)
Start importing Assets/iPoly3D/Server Room/Models/panel.fbx using Guid(6c0dccc34dccb644c92e648bd6e4e73a) Importer(815301076,1909f56bfc062723c751e8b465ee728b)  -> (artifact id: '7f5e7a68123dd2ac357c8fe136773235') in 0.025101 seconds 
========================================================================
Received Import Request.
  Time since last request: 0.000022 seconds.
  path: Assets/iPoly3D/Server Room/Models/server.fbx
  artifactKey: Guid(22979a140857f8f49ad4426515414f92) Importer(815301076,1909f56bfc062723c751e8b465ee728b)
Start importing Assets/iPoly3D/Server Room/Models/server.fbx using Guid(22979a140857f8f49ad4426515414f92) Importer(815301076,1909f56bfc062723c751e8b465ee728b)  -> (artifact id: '3d7ca7cf090966c59000cc719d09925d') in 0.056597 seconds 
========================================================================
Received Import Request.
  Time since last request: 0.000027 seconds.
  path: Assets/iPoly3D/Server Room/Models/coffie.fbx
  artifactKey: Guid(b4157c7e9619751439a4e106a50965d0) Importer(815301076,1909f56bfc062723c751e8b465ee728b)
Start importing Assets/iPoly3D/Server Room/Models/coffie.fbx using Guid(b4157c7e9619751439a4e106a50965d0) Importer(815301076,1909f56bfc062723c751e8b465ee728b)  -> (artifact id: '0b828169185436f9964d26bbd00cb8bf') in 0.022127 seconds 
========================================================================
Received Import Request.
  Time since last request: 0.000024 seconds.
  path: Assets/iPoly3D/Server Room/Models/corner.fbx
  artifactKey: Guid(39db49ee5060123428669cf915c4bc9b) Importer(815301076,1909f56bfc062723c751e8b465ee728b)
Start importing Assets/iPoly3D/Server Room/Models/corner.fbx using Guid(39db49ee5060123428669cf915c4bc9b) Importer(815301076,1909f56bfc062723c751e8b465ee728b)  -> (artifact id: '46d82019ec886f04054dde5d77c54b7e') in 0.022262 seconds 
========================================================================
Received Import Request.
  Time since last request: 0.000025 seconds.
  path: Assets/iPoly3D/Server Room/Models/exit_sign.fbx
  artifactKey: Guid(6881db6094cb72c46b8781b50bdb99c1) Importer(815301076,1909f56bfc062723c751e8b465ee728b)
Start importing Assets/iPoly3D/Server Room/Models/exit_sign.fbx using Guid(6881db6094cb72c46b8781b50bdb99c1) Importer(815301076,1909f56bfc062723c751e8b465ee728b)  -> (artifact id: '1695d1584f4262db3be3641da4b785bb') in 0.043212 seconds 
========================================================================
Received Import Request.
  Time since last request: 0.000020 seconds.
  path: Assets/iPoly3D/Server Room/Models/wall_door.fbx
  artifactKey: Guid(df9b6c39d226c004598b50edd4b1885f) Importer(815301076,1909f56bfc062723c751e8b465ee728b)
Start importing Assets/iPoly3D/Server Room/Models/wall_door.fbx using Guid(df9b6c39d226c004598b50edd4b1885f) Importer(815301076,1909f56bfc062723c751e8b465ee728b)  -> (artifact id: '441e10a2f705bddc16e8091cc2f76d28') in 0.039367 seconds 
========================================================================
Received Import Request.
  Time since last request: 0.000027 seconds.
  path: Assets/iPoly3D/Server Room/Models/fire_extinguisher.fbx
  artifactKey: Guid(5b17bde83b8bf5549b577056ab462087) Importer(815301076,1909f56bfc062723c751e8b465ee728b)
Start importing Assets/iPoly3D/Server Room/Models/fire_extinguisher.fbx using Guid(5b17bde83b8bf5549b577056ab462087) Importer(815301076,1909f56bfc062723c751e8b465ee728b)  -> (artifact id: '515241cc8f6001061965831f8e017236') in 0.038359 seconds 
========================================================================
Received Import Request.
  Time since last request: 0.000030 seconds.
  path: Assets/iPoly3D/Server Room/Models/tablet.fbx
  artifactKey: Guid(4f394708c2c904d48bb84b5389f0a9a2) Importer(815301076,1909f56bfc062723c751e8b465ee728b)
Start importing Assets/iPoly3D/Server Room/Models/tablet.fbx using Guid(4f394708c2c904d48bb84b5389f0a9a2) Importer(815301076,1909f56bfc062723c751e8b465ee728b)  -> (artifact id: '2d15368889f0a7a281912933b72747a8') in 0.025060 seconds 
========================================================================
Received Import Request.
  Time since last request: 0.000024 seconds.
  path: Assets/iPoly3D/Server Room/Models/display.001.fbx
  artifactKey: Guid(bf38a35bc64fc4146a483d681ae8afae) Importer(815301076,1909f56bfc062723c751e8b465ee728b)
Start importing Assets/iPoly3D/Server Room/Models/display.001.fbx using Guid(bf38a35bc64fc4146a483d681ae8afae) Importer(815301076,1909f56bfc062723c751e8b465ee728b)  -> (artifact id: '0cb4695004d22450fd8e26339834d276') in 0.024245 seconds 
========================================================================
Received Import Request.
  Time since last request: 0.000022 seconds.
  path: Assets/iPoly3D/Server Room/Models/electric cable.fbx
  artifactKey: Guid(ac33bc41ad2548c40be6abead6c0c63b) Importer(815301076,1909f56bfc062723c751e8b465ee728b)
Start importing Assets/iPoly3D/Server Room/Models/electric cable.fbx using Guid(ac33bc41ad2548c40be6abead6c0c63b) Importer(815301076,1909f56bfc062723c751e8b465ee728b)  -> (artifact id: 'bdbec43be0e019e257321654dba387fa') in 0.037862 seconds 
========================================================================
Received Import Request.
  Time since last request: 0.000029 seconds.
  path: Assets/iPoly3D/Server Room/Models/laptop.fbx
  artifactKey: Guid(93022fe0d96179447ad61a75d40fe493) Importer(815301076,1909f56bfc062723c751e8b465ee728b)
Start importing Assets/iPoly3D/Server Room/Models/laptop.fbx using Guid(93022fe0d96179447ad61a75d40fe493) Importer(815301076,1909f56bfc062723c751e8b465ee728b)  -> (artifact id: '5bca8aa237530eda3539d0625bca3b10') in 0.022105 seconds 
========================================================================
Received Import Request.
  Time since last request: 0.000034 seconds.
  path: Assets/iPoly3D/Server Room/Models/pencilbox.fbx
  artifactKey: Guid(eb7e39bb6ef2ad4459440d2e1b336347) Importer(815301076,1909f56bfc062723c751e8b465ee728b)
Start importing Assets/iPoly3D/Server Room/Models/pencilbox.fbx using Guid(eb7e39bb6ef2ad4459440d2e1b336347) Importer(815301076,1909f56bfc062723c751e8b465ee728b)  -> (artifact id: '101536c33c053a2fabb9258a7f0651f6') in 0.024476 seconds 
========================================================================
Received Import Request.
  Time since last request: 0.000022 seconds.
  path: Assets/iPoly3D/Server Room/Models/security_camera.fbx
  artifactKey: Guid(8ecbf668e1e803b4ca2d1ae1b2a1589a) Importer(815301076,1909f56bfc062723c751e8b465ee728b)
Start importing Assets/iPoly3D/Server Room/Models/security_camera.fbx using Guid(8ecbf668e1e803b4ca2d1ae1b2a1589a) Importer(815301076,1909f56bfc062723c751e8b465ee728b)  -> (artifact id: '80082b5569729a86a098babe9b098e79') in 0.021920 seconds 
========================================================================
Received Import Request.
  Time since last request: 0.000025 seconds.
  path: Assets/iPoly3D/Server Room/Models/ceiling_single.fbx
  artifactKey: Guid(e223518c56d468748b9c706805cf546b) Importer(815301076,1909f56bfc062723c751e8b465ee728b)
Start importing Assets/iPoly3D/Server Room/Models/ceiling_single.fbx using Guid(e223518c56d468748b9c706805cf546b) Importer(815301076,1909f56bfc062723c751e8b465ee728b)  -> (artifact id: 'f4781c4f1b236759b0e5157572788f2d') in 0.023782 seconds 
========================================================================
Received Import Request.
  Time since last request: 0.000025 seconds.
  path: Assets/iPoly3D/Server Room/Models/screen.fbx
  artifactKey: Guid(2f151eaa4a22d1e469db75c4ce4b35fa) Importer(815301076,1909f56bfc062723c751e8b465ee728b)
Start importing Assets/iPoly3D/Server Room/Models/screen.fbx using Guid(2f151eaa4a22d1e469db75c4ce4b35fa) Importer(815301076,1909f56bfc062723c751e8b465ee728b)  -> (artifact id: 'e6bb35bb07c423b94d6a6b3c26934f21') in 0.021639 seconds 
========================================================================
Received Import Request.
  Time since last request: 0.000027 seconds.
  path: Assets/iPoly3D/Server Room/Models/server_2.fbx
  artifactKey: Guid(a874ee794ecfbea47ba2369f459daefc) Importer(815301076,1909f56bfc062723c751e8b465ee728b)
Start importing Assets/iPoly3D/Server Room/Models/server_2.fbx using Guid(a874ee794ecfbea47ba2369f459daefc) Importer(815301076,1909f56bfc062723c751e8b465ee728b)  -> (artifact id: '8f9527e046b9809c6f8f84f91cc7b843') in 0.020267 seconds 
Editor requested this worker to shutdown with reason: Scaling down because of idle timeout
AssetImportWorker is now disconnected from the server
Process exiting
Exiting without the bug reporter. Application will terminate with return code 0