Using pre-set license
Built from '2021.3/staging' branch; Version is '2021.3.14f1 (eee1884e7226) revision 15655304'; Using compiler version '192829333'; Build Type 'Release'
OS: 'Windows 10  (10.0.19045) 64bit Education' Language: 'ko' Physical Memory: 16318 MB
BatchMode: 1, IsHumanControllingUs: 0, StartBugReporterOnCrash: 0, Is64bit: 1, IsPro: 1

COMMAND LINE ARGUMENTS:
C:\Program Files\Unity\Hub\Editor\2021.3.14f1\Editor\Unity.exe
-adb2
-batchMode
-noUpm
-name
AssetImportWorker2
-projectPath
C:/Users/Administrator/Desktop/새 폴더 (2)/Photon Server Game
-logFile
Logs/AssetImportWorker2.log
-srvPort
58221
Successfully changed project path to: C:/Users/Administrator/Desktop/새 폴더 (2)/Photon Server Game
C:/Users/Administrator/Desktop/새 폴더 (2)/Photon Server Game
[UnityMemory] Configuration Parameters - Can be set up in boot.config
    "memorysetup-bucket-allocator-granularity=16"
    "memorysetup-bucket-allocator-bucket-count=8"
    "memorysetup-bucket-allocator-block-size=33554432"
    "memorysetup-bucket-allocator-block-count=8"
    "memorysetup-main-allocator-block-size=16777216"
    "memorysetup-thread-allocator-block-size=16777216"
    "memorysetup-gfx-main-allocator-block-size=16777216"
    "memorysetup-gfx-thread-allocator-block-size=16777216"
    "memorysetup-cache-allocator-block-size=4194304"
    "memorysetup-typetree-allocator-block-size=2097152"
    "memorysetup-profiler-bucket-allocator-granularity=16"
    "memorysetup-profiler-bucket-allocator-bucket-count=8"
    "memorysetup-profiler-bucket-allocator-block-size=33554432"
    "memorysetup-profiler-bucket-allocator-block-count=8"
    "memorysetup-profiler-allocator-block-size=16777216"
    "memorysetup-profiler-editor-allocator-block-size=1048576"
    "memorysetup-temp-allocator-size-main=16777216"
    "memorysetup-job-temp-allocator-block-size=2097152"
    "memorysetup-job-temp-allocator-block-size-background=1048576"
    "memorysetup-job-temp-allocator-reduction-small-platforms=262144"
    "memorysetup-temp-allocator-size-background-worker=32768"
    "memorysetup-temp-allocator-size-job-worker=262144"
    "memorysetup-temp-allocator-size-preload-manager=33554432"
    "memorysetup-temp-allocator-size-nav-mesh-worker=65536"
    "memorysetup-temp-allocator-size-audio-worker=65536"
    "memorysetup-temp-allocator-size-cloud-worker=32768"
    "memorysetup-temp-allocator-size-gi-baking-worker=262144"
    "memorysetup-temp-allocator-size-gfx=262144"
Refreshing native plugins compatible for Editor in 111.74 ms, found 3 plugins.
Preloading 0 native plugins for Editor in 0.00 ms.
Initialize engine version: 2021.3.14f1 (eee1884e7226)
[Subsystems] Discovering subsystems at path C:/Program Files/Unity/Hub/Editor/2021.3.14f1/Editor/Data/Resources/UnitySubsystems
[Subsystems] Discovering subsystems at path C:/Users/Administrator/Desktop/새 폴더 (2)/Photon Server Game/Assets
GfxDevice: creating device client; threaded=0; jobified=0
Direct3D:
    Version:  Direct3D 11.0 [level 11.1]
    Renderer: NVIDIA GeForce GTX 1660 (ID=0x2184)
    Vendor:   NVIDIA
    VRAM:     5991 MB
    Driver:   31.0.15.1694
Initialize mono
Mono path[0] = 'C:/Program Files/Unity/Hub/Editor/2021.3.14f1/Editor/Data/Managed'
Mono path[1] = 'C:/Program Files/Unity/Hub/Editor/2021.3.14f1/Editor/Data/MonoBleedingEdge/lib/mono/unityjit-win32'
Mono config path = 'C:/Program Files/Unity/Hub/Editor/2021.3.14f1/Editor/Data/MonoBleedingEdge/etc'
Using monoOptions --debugger-agent=transport=dt_socket,embedding=1,server=y,suspend=n,address=127.0.0.1:56256
Begin MonoManager ReloadAssembly
Registering precompiled unity dll's ...
Register platform support module: C:/Program Files/Unity/Hub/Editor/2021.3.14f1/Editor/Data/PlaybackEngines/WindowsStandaloneSupport/UnityEditor.WindowsStandalone.Extensions.dll
Registered in 0.012919 seconds.
Native extension for WindowsStandalone target not found
Refreshing native plugins compatible for Editor in 96.42 ms, found 3 plugins.
Preloading 0 native plugins for Editor in 0.00 ms.
Mono: successfully reloaded assembly
- Completed reload, in  0.878 seconds
Domain Reload Profiling:
	ReloadAssembly (878ms)
		BeginReloadAssembly (140ms)
			ExecutionOrderSort (0ms)
			DisableScriptedObjects (0ms)
			BackupInstance (0ms)
			ReleaseScriptingObjects (0ms)
			CreateAndSetChildDomain (2ms)
		EndReloadAssembly (566ms)
			LoadAssemblies (132ms)
			RebuildTransferFunctionScriptingTraits (0ms)
			SetupTypeCache (146ms)
			ReleaseScriptCaches (0ms)
			RebuildScriptCaches (40ms)
			SetupLoadedEditorAssemblies (319ms)
				LogAssemblyErrors (0ms)
				InitializePlatformSupportModulesInManaged (11ms)
				SetLoadedEditorAssemblies (0ms)
				RefreshPlugins (97ms)
				BeforeProcessingInitializeOnLoad (1ms)
				ProcessInitializeOnLoadAttributes (145ms)
				ProcessInitializeOnLoadMethodAttributes (64ms)
				AfterProcessingInitializeOnLoad (0ms)
				EditorAssembliesLoaded (0ms)
			ExecutionOrderSort2 (0ms)
			AwakeInstancesAfterBackupRestoration (0ms)
Platform modules already initialized, skipping
Registering precompiled user dll's ...
Registered in 0.012730 seconds.
Begin MonoManager ReloadAssembly
Symbol file LoadedFromMemory doesn't match image C:\Users\Administrator\Desktop\새 폴더 (2)\Photon Server Game\Library\PackageCache\com.unity.visualscripting@1.7.8\Editor\VisualScripting.Core\Dependencies\YamlDotNet\Unity.VisualScripting.YamlDotNet.dll
Symbol file LoadedFromMemory doesn't match image C:\Users\Administrator\Desktop\새 폴더 (2)\Photon Server Game\Library\PackageCache\com.unity.visualscripting@1.7.8\Editor\VisualScripting.Core\Dependencies\DotNetZip\Unity.VisualScripting.IonicZip.dll
Native extension for WindowsStandalone target not found
Refreshing native plugins compatible for Editor in 0.72 ms, found 3 plugins.
Preloading 0 native plugins for Editor in 0.00 ms.
Mono: successfully reloaded assembly
- Completed reload, in  1.830 seconds
Domain Reload Profiling:
	ReloadAssembly (1833ms)
		BeginReloadAssembly (157ms)
			ExecutionOrderSort (0ms)
			DisableScriptedObjects (6ms)
			BackupInstance (0ms)
			ReleaseScriptingObjects (0ms)
			CreateAndSetChildDomain (25ms)
		EndReloadAssembly (1486ms)
			LoadAssemblies (148ms)
			RebuildTransferFunctionScriptingTraits (0ms)
			SetupTypeCache (393ms)
			ReleaseScriptCaches (1ms)
			RebuildScriptCaches (78ms)
			SetupLoadedEditorAssemblies (823ms)
				LogAssemblyErrors (0ms)
				InitializePlatformSupportModulesInManaged (9ms)
				SetLoadedEditorAssemblies (1ms)
				RefreshPlugins (1ms)
				BeforeProcessingInitializeOnLoad (133ms)
				ProcessInitializeOnLoadAttributes (617ms)
				ProcessInitializeOnLoadMethodAttributes (50ms)
				AfterProcessingInitializeOnLoad (12ms)
				EditorAssembliesLoaded (1ms)
			ExecutionOrderSort2 (0ms)
			AwakeInstancesAfterBackupRestoration (8ms)
Platform modules already initialized, skipping
========================================================================
Worker process is ready to serve import requests
Launched and connected shader compiler UnityShaderCompiler.exe after 0.07 seconds
Refreshing native plugins compatible for Editor in 2.62 ms, found 3 plugins.
Preloading 0 native plugins for Editor in 0.00 ms.
Unloading 3711 Unused Serialized files (Serialized files now loaded: 0)
Unloading 40 unused Assets / (114.0 KB). Loaded Objects now: 4161.
Memory consumption went from 136.6 MB to 136.5 MB.
Total: 5.066600 ms (FindLiveObjects: 0.288100 ms CreateObjectMapping: 0.313800 ms MarkObjects: 4.233300 ms  DeleteObjects: 0.230500 ms)

AssetImportParameters requested are different than current active one (requested -> active):
  custom:video-decoder-ogg-theora: a1e56fd34408186e4bbccfd4996cb3dc -> 
  custom:container-muxer-webm: aa71ff27fc2769a1b78a27578f13a17b -> 
  custom:container-demuxer-webm: 4f35f7cbe854078d1ac9338744f61a02 -> 
  custom:video-encoder-webm-vp8: eb34c28f22e8b96e1ab97ce403110664 -> 
  custom:audio-encoder-webm-vorbis: bf7c407c2cedff20999df2af8eb42d56 -> 
  custom:framework-win-MediaFoundation: 216162199b28c13a410421893ffa2e32 -> 
  custom:container-demuxer-ogg: 62fdf1f143b41e24485cea50d1cbac27 -> 
  custom:video-decoder-webm-vp8: 9c59270c3fd7afecdb556c50c9e8de78 -> 
  custom:audio-decoder-ogg-vorbis: bf7c407c2cedff20999df2af8eb42d56 -> 
========================================================================
Received Import Request.
  Time since last request: 302381.982519 seconds.
  path: Assets/Texture/Interface Texture/home-150499_1280.png
  artifactKey: Guid(7dd6430c3b5367741b5ecbb4a68dc514) Importer(815301076,1909f56bfc062723c751e8b465ee728b)
Start importing Assets/Texture/Interface Texture/home-150499_1280.png using Guid(7dd6430c3b5367741b5ecbb4a68dc514) Importer(815301076,1909f56bfc062723c751e8b465ee728b)  -> (artifact id: 'a8abe58d55b7546e478ba68f75873d48') in 0.121262 seconds 
========================================================================
Received Import Request.
  Time since last request: 8.660725 seconds.
  path: Assets/Texture/Interface Texture/Home Button.png
  artifactKey: Guid(7dd6430c3b5367741b5ecbb4a68dc514) Importer(815301076,1909f56bfc062723c751e8b465ee728b)
Start importing Assets/Texture/Interface Texture/Home Button.png using Guid(7dd6430c3b5367741b5ecbb4a68dc514) Importer(815301076,1909f56bfc062723c751e8b465ee728b)  -> (artifact id: '0d14b034f9e9127abe1b8c5baa1c18f9') in 0.016860 seconds 
========================================================================
Received Import Request.
  Time since last request: 62.360765 seconds.
  path: Assets/Texture/Interface Texture/Home Button.png
  artifactKey: Guid(7dd6430c3b5367741b5ecbb4a68dc514) Importer(815301076,1909f56bfc062723c751e8b465ee728b)
Start importing Assets/Texture/Interface Texture/Home Button.png using Guid(7dd6430c3b5367741b5ecbb4a68dc514) Importer(815301076,1909f56bfc062723c751e8b465ee728b)  -> (artifact id: '8c037ca3539ba5737c6d69bd276fa306') in 0.167842 seconds 
========================================================================
Received Import Request.
  Time since last request: 46.472475 seconds.
  path: Assets/Model/Bee.FBX
  artifactKey: Guid(b83a05a1fe24fe6459fc4dae9a33daac) Importer(815301076,1909f56bfc062723c751e8b465ee728b)
Start importing Assets/Model/Bee.FBX using Guid(b83a05a1fe24fe6459fc4dae9a33daac) Importer(815301076,1909f56bfc062723c751e8b465ee728b)  -> (artifact id: '4b193088318fa7019304fbc9d88f7e16') in 0.151393 seconds 
========================================================================
Received Import Request.
  Time since last request: 0.000049 seconds.
  path: Assets/Model/Terrain.fbx
  artifactKey: Guid(35553d97d651cf948b46fa1fa1f1aa1e) Importer(815301076,1909f56bfc062723c751e8b465ee728b)
Start importing Assets/Model/Terrain.fbx using Guid(35553d97d651cf948b46fa1fa1f1aa1e) Importer(815301076,1909f56bfc062723c751e8b465ee728b)  -> (artifact id: '04a52adeb493678780c863a8b8140082') in 0.147507 seconds 
========================================================================
Received Import Request.
  Time since last request: 47.131230 seconds.
  path: Assets/Animation/Idle.fbx
  artifactKey: Guid(b8b631c0bfbd29c4cabeb63bac85166b) Importer(815301076,1909f56bfc062723c751e8b465ee728b)
Start importing Assets/Animation/Idle.fbx using Guid(b8b631c0bfbd29c4cabeb63bac85166b) Importer(815301076,1909f56bfc062723c751e8b465ee728b)  -> (artifact id: '2e41e58f9acea2c29bf4b6ad11b0e983') in 0.012186 seconds 
========================================================================
Received Import Request.
  Time since last request: 6.170925 seconds.
  path: Assets/Animation/Bee Move.FBX
  artifactKey: Guid(188dd0f2d81a94d498eee7e548337710) Importer(815301076,1909f56bfc062723c751e8b465ee728b)
Start importing Assets/Animation/Bee Move.FBX using Guid(188dd0f2d81a94d498eee7e548337710) Importer(815301076,1909f56bfc062723c751e8b465ee728b)  -> (artifact id: '771a0b2dd1a39d58523800ea9e8d709f') in 0.061760 seconds 
========================================================================
Received Import Request.
  Time since last request: 49.451204 seconds.
  path: Assets/Animator/Bee Animator Controller.controller
  artifactKey: Guid(1059f1f7d8d713d40a188153993b8e51) Importer(815301076,1909f56bfc062723c751e8b465ee728b)
Start importing Assets/Animator/Bee Animator Controller.controller using Guid(1059f1f7d8d713d40a188153993b8e51) Importer(815301076,1909f56bfc062723c751e8b465ee728b)  -> (artifact id: '8d14cd8a589b231ac0a2d631bf6377ce') in 0.015672 seconds 
========================================================================
Received Import Request.
  Time since last request: 49.064472 seconds.
  path: Assets/Script/CharacterSystem.cs
  artifactKey: Guid(2fcb1502a65fc2c40baf369c89058cd2) Importer(815301076,1909f56bfc062723c751e8b465ee728b)
Start importing Assets/Script/CharacterSystem.cs using Guid(2fcb1502a65fc2c40baf369c89058cd2) Importer(815301076,1909f56bfc062723c751e8b465ee728b)  -> (artifact id: 'f9cfba96399d71dfa93f9142d79f623d') in 0.012822 seconds 
========================================================================
Received Import Request.
  Time since last request: 1445.114406 seconds.
  path: Assets/Resources/Character.prefab
  artifactKey: Guid(7eef4210531685a499c33c66918aa7ab) Importer(815301076,1909f56bfc062723c751e8b465ee728b)
Start importing Assets/Resources/Character.prefab using Guid(7eef4210531685a499c33c66918aa7ab) Importer(815301076,1909f56bfc062723c751e8b465ee728b)  -> (artifact id: '39a17d3d1a861770efd2b75f1ce2d149') in 0.102894 seconds 
========================================================================
Received Prepare
Registering precompiled user dll's ...
Registered in 0.026453 seconds.
Begin MonoManager ReloadAssembly
Symbol file LoadedFromMemory doesn't match image C:\Users\Administrator\Desktop\새 폴더 (2)\Photon Server Game\Library\PackageCache\com.unity.visualscripting@1.7.8\Editor\VisualScripting.Core\Dependencies\YamlDotNet\Unity.VisualScripting.YamlDotNet.dll
Symbol file LoadedFromMemory doesn't match image C:\Users\Administrator\Desktop\새 폴더 (2)\Photon Server Game\Library\PackageCache\com.unity.visualscripting@1.7.8\Editor\VisualScripting.Core\Dependencies\DotNetZip\Unity.VisualScripting.IonicZip.dll
Native extension for WindowsStandalone target not found
Refreshing native plugins compatible for Editor in 1.35 ms, found 3 plugins.
Preloading 0 native plugins for Editor in 0.00 ms.
Mono: successfully reloaded assembly
- Completed reload, in  2.251 seconds
Domain Reload Profiling:
	ReloadAssembly (2252ms)
		BeginReloadAssembly (248ms)
			ExecutionOrderSort (0ms)
			DisableScriptedObjects (18ms)
			BackupInstance (0ms)
			ReleaseScriptingObjects (0ms)
			CreateAndSetChildDomain (75ms)
		EndReloadAssembly (1848ms)
			LoadAssemblies (168ms)
			RebuildTransferFunctionScriptingTraits (0ms)
			SetupTypeCache (529ms)
			ReleaseScriptCaches (3ms)
			RebuildScriptCaches (85ms)
			SetupLoadedEditorAssemblies (978ms)
				LogAssemblyErrors (0ms)
				InitializePlatformSupportModulesInManaged (24ms)
				SetLoadedEditorAssemblies (1ms)
				RefreshPlugins (1ms)
				BeforeProcessingInitializeOnLoad (219ms)
				ProcessInitializeOnLoadAttributes (685ms)
				ProcessInitializeOnLoadMethodAttributes (32ms)
				AfterProcessingInitializeOnLoad (16ms)
				EditorAssembliesLoaded (0ms)
			ExecutionOrderSort2 (0ms)
			AwakeInstancesAfterBackupRestoration (11ms)
Platform modules already initialized, skipping
Refreshing native plugins compatible for Editor in 4.01 ms, found 3 plugins.
Preloading 0 native plugins for Editor in 0.00 ms.
Unloading 3703 Unused Serialized files (Serialized files now loaded: 0)
Unloading 31 unused Assets / (80.5 KB). Loaded Objects now: 4218.
Memory consumption went from 153.9 MB to 153.8 MB.
Total: 4.420200 ms (FindLiveObjects: 0.374700 ms CreateObjectMapping: 0.196500 ms MarkObjects: 3.695900 ms  DeleteObjects: 0.150600 ms)

AssetImportParameters requested are different than current active one (requested -> active):
  custom:video-decoder-ogg-theora: a1e56fd34408186e4bbccfd4996cb3dc -> 
  custom:container-muxer-webm: aa71ff27fc2769a1b78a27578f13a17b -> 
  custom:container-demuxer-webm: 4f35f7cbe854078d1ac9338744f61a02 -> 
  custom:video-encoder-webm-vp8: eb34c28f22e8b96e1ab97ce403110664 -> 
  custom:audio-encoder-webm-vorbis: bf7c407c2cedff20999df2af8eb42d56 -> 
  custom:framework-win-MediaFoundation: 216162199b28c13a410421893ffa2e32 -> 
  custom:container-demuxer-ogg: 62fdf1f143b41e24485cea50d1cbac27 -> 
  custom:video-decoder-webm-vp8: 9c59270c3fd7afecdb556c50c9e8de78 -> 
  custom:audio-decoder-ogg-vorbis: bf7c407c2cedff20999df2af8eb42d56 -> 
========================================================================
Received Import Request.
  Time since last request: 9.985597 seconds.
  path: Assets/Resources/Character.prefab
  artifactKey: Guid(7eef4210531685a499c33c66918aa7ab) Importer(815301076,1909f56bfc062723c751e8b465ee728b)
Start importing Assets/Resources/Character.prefab using Guid(7eef4210531685a499c33c66918aa7ab) Importer(815301076,1909f56bfc062723c751e8b465ee728b)  -> (artifact id: '9e5b3b2fe9c3e79de998876ba2eab54a') in 0.142296 seconds 
========================================================================
Received Import Request.
  Time since last request: 280.964646 seconds.
  path: Assets/Resources/Bee.prefab
  artifactKey: Guid(46735d4c9e63af6418dba28a3b95e8d8) Importer(815301076,1909f56bfc062723c751e8b465ee728b)
Start importing Assets/Resources/Bee.prefab using Guid(46735d4c9e63af6418dba28a3b95e8d8) Importer(815301076,1909f56bfc062723c751e8b465ee728b)  -> (artifact id: '86023ff9ec77df9ef188b66b3eb362c6') in 0.033741 seconds 
========================================================================
Received Import Request.
  Time since last request: 34.585192 seconds.
  path: Assets/Resources/Character.prefab
  artifactKey: Guid(7eef4210531685a499c33c66918aa7ab) Importer(815301076,1909f56bfc062723c751e8b465ee728b)
Start importing Assets/Resources/Character.prefab using Guid(7eef4210531685a499c33c66918aa7ab) Importer(815301076,1909f56bfc062723c751e8b465ee728b)  -> (artifact id: '781f4af8380093064be4dceb868512a3') in 0.061387 seconds 
========================================================================
Received Import Request.
  Time since last request: 12.565434 seconds.
  path: Assets/Resources/Character.prefab
  artifactKey: Guid(7eef4210531685a499c33c66918aa7ab) Importer(815301076,1909f56bfc062723c751e8b465ee728b)
Start importing Assets/Resources/Character.prefab using Guid(7eef4210531685a499c33c66918aa7ab) Importer(815301076,1909f56bfc062723c751e8b465ee728b)  -> (artifact id: '6232d832300f656fe874069d9763103c') in 0.071662 seconds 
========================================================================
Received Import Request.
  Time since last request: 8.034586 seconds.
  path: Assets/Resources/Character.prefab
  artifactKey: Guid(7eef4210531685a499c33c66918aa7ab) Importer(815301076,1909f56bfc062723c751e8b465ee728b)
Start importing Assets/Resources/Character.prefab using Guid(7eef4210531685a499c33c66918aa7ab) Importer(815301076,1909f56bfc062723c751e8b465ee728b)  -> (artifact id: 'e04ead91c752a8221354c10f042a92eb') in 0.063073 seconds 
========================================================================
Received Prepare
Registering precompiled user dll's ...
Registered in 0.012011 seconds.
Begin MonoManager ReloadAssembly
Symbol file LoadedFromMemory doesn't match image C:\Users\Administrator\Desktop\새 폴더 (2)\Photon Server Game\Library\PackageCache\com.unity.visualscripting@1.7.8\Editor\VisualScripting.Core\Dependencies\YamlDotNet\Unity.VisualScripting.YamlDotNet.dll
Symbol file LoadedFromMemory doesn't match image C:\Users\Administrator\Desktop\새 폴더 (2)\Photon Server Game\Library\PackageCache\com.unity.visualscripting@1.7.8\Editor\VisualScripting.Core\Dependencies\DotNetZip\Unity.VisualScripting.IonicZip.dll
Native extension for WindowsStandalone target not found
Refreshing native plugins compatible for Editor in 1.98 ms, found 3 plugins.
Preloading 0 native plugins for Editor in 0.00 ms.
Mono: successfully reloaded assembly
- Completed reload, in  2.395 seconds
Domain Reload Profiling:
	ReloadAssembly (2396ms)
		BeginReloadAssembly (252ms)
			ExecutionOrderSort (0ms)
			DisableScriptedObjects (7ms)
			BackupInstance (0ms)
			ReleaseScriptingObjects (0ms)
			CreateAndSetChildDomain (70ms)
		EndReloadAssembly (1953ms)
			LoadAssemblies (203ms)
			RebuildTransferFunctionScriptingTraits (0ms)
			SetupTypeCache (444ms)
			ReleaseScriptCaches (4ms)
			RebuildScriptCaches (107ms)
			SetupLoadedEditorAssemblies (1086ms)
				LogAssemblyErrors (0ms)
				InitializePlatformSupportModulesInManaged (43ms)
				SetLoadedEditorAssemblies (1ms)
				RefreshPlugins (2ms)
				BeforeProcessingInitializeOnLoad (184ms)
				ProcessInitializeOnLoadAttributes (806ms)
				ProcessInitializeOnLoadMethodAttributes (33ms)
				AfterProcessingInitializeOnLoad (17ms)
				EditorAssembliesLoaded (0ms)
			ExecutionOrderSort2 (0ms)
			AwakeInstancesAfterBackupRestoration (12ms)
Platform modules already initialized, skipping
Refreshing native plugins compatible for Editor in 3.57 ms, found 3 plugins.
Preloading 0 native plugins for Editor in 0.00 ms.
Unloading 3703 Unused Serialized files (Serialized files now loaded: 0)
Unloading 31 unused Assets / (81.6 KB). Loaded Objects now: 4223.
Memory consumption went from 154.0 MB to 153.9 MB.
Total: 4.048500 ms (FindLiveObjects: 0.542300 ms CreateObjectMapping: 0.312200 ms MarkObjects: 3.082500 ms  DeleteObjects: 0.110500 ms)

AssetImportParameters requested are different than current active one (requested -> active):
  custom:video-decoder-ogg-theora: a1e56fd34408186e4bbccfd4996cb3dc -> 
  custom:container-muxer-webm: aa71ff27fc2769a1b78a27578f13a17b -> 
  custom:container-demuxer-webm: 4f35f7cbe854078d1ac9338744f61a02 -> 
  custom:video-encoder-webm-vp8: eb34c28f22e8b96e1ab97ce403110664 -> 
  custom:audio-encoder-webm-vorbis: bf7c407c2cedff20999df2af8eb42d56 -> 
  custom:framework-win-MediaFoundation: 216162199b28c13a410421893ffa2e32 -> 
  custom:container-demuxer-ogg: 62fdf1f143b41e24485cea50d1cbac27 -> 
  custom:video-decoder-webm-vp8: 9c59270c3fd7afecdb556c50c9e8de78 -> 
  custom:audio-decoder-ogg-vorbis: bf7c407c2cedff20999df2af8eb42d56 -> 
========================================================================
Received Import Request.
  Time since last request: 464.606763 seconds.
  path: Assets/Script/CameraShake.cs
  artifactKey: Guid(2fc59e9ab97f8524abbe26c7465c011f) Importer(815301076,1909f56bfc062723c751e8b465ee728b)
Start importing Assets/Script/CameraShake.cs using Guid(2fc59e9ab97f8524abbe26c7465c011f) Importer(815301076,1909f56bfc062723c751e8b465ee728b)  -> (artifact id: '0cff45843024d400a778abe4b9232d3f') in 0.019589 seconds 
========================================================================
Received Import Request.
  Time since last request: 0.552017 seconds.
  path: Assets/Script/CharacterSystem.cs
  artifactKey: Guid(2fcb1502a65fc2c40baf369c89058cd2) Importer(815301076,1909f56bfc062723c751e8b465ee728b)
Start importing Assets/Script/CharacterSystem.cs using Guid(2fcb1502a65fc2c40baf369c89058cd2) Importer(815301076,1909f56bfc062723c751e8b465ee728b)  -> (artifact id: '9f89676010961dac4a4fdda3771b2b6d') in 0.007629 seconds 
========================================================================
Received Import Request.
  Time since last request: 1.507442 seconds.
  path: Assets/Script/ChatManager.cs
  artifactKey: Guid(159c4c100bac44e409c3170ceec341dd) Importer(815301076,1909f56bfc062723c751e8b465ee728b)
Start importing Assets/Script/ChatManager.cs using Guid(159c4c100bac44e409c3170ceec341dd) Importer(815301076,1909f56bfc062723c751e8b465ee728b)  -> (artifact id: '2826e413fd5671849bc1938af90cac9f') in 0.008317 seconds 
========================================================================
Received Import Request.
  Time since last request: 1.063191 seconds.
  path: Assets/Script/Billboard.cs
  artifactKey: Guid(aff3ed676432f334faff1ee80e8815ea) Importer(815301076,1909f56bfc062723c751e8b465ee728b)
Start importing Assets/Script/Billboard.cs using Guid(aff3ed676432f334faff1ee80e8815ea) Importer(815301076,1909f56bfc062723c751e8b465ee728b)  -> (artifact id: '035ecd426c7f74258ed1b514876cd065') in 0.007851 seconds 
========================================================================
Received Import Request.
  Time since last request: 207.663817 seconds.
  path: Assets/Resources/Character.prefab
  artifactKey: Guid(7eef4210531685a499c33c66918aa7ab) Importer(815301076,1909f56bfc062723c751e8b465ee728b)
Start importing Assets/Resources/Character.prefab using Guid(7eef4210531685a499c33c66918aa7ab) Importer(815301076,1909f56bfc062723c751e8b465ee728b)  -> (artifact id: '3b67e0b4dec95c44e636be8770fbb1bd') in 0.112665 seconds 
========================================================================
Received Import Request.
  Time since last request: 12.901178 seconds.
  path: Assets/Resources/Bee.prefab
  artifactKey: Guid(46735d4c9e63af6418dba28a3b95e8d8) Importer(815301076,1909f56bfc062723c751e8b465ee728b)
Start importing Assets/Resources/Bee.prefab using Guid(46735d4c9e63af6418dba28a3b95e8d8) Importer(815301076,1909f56bfc062723c751e8b465ee728b)  -> (artifact id: '07f8628ff98420cd26ea07bbd839f27e') in 0.018191 seconds 
========================================================================
Received Import Request.
  Time since last request: 25.459173 seconds.
  path: Assets/Scenes/Photon Game.unity
  artifactKey: Guid(a4cd963bee8ae23409dbdbe11952fc13) Importer(815301076,1909f56bfc062723c751e8b465ee728b)
Start importing Assets/Scenes/Photon Game.unity using Guid(a4cd963bee8ae23409dbdbe11952fc13) Importer(815301076,1909f56bfc062723c751e8b465ee728b)  -> (artifact id: 'd5175ec812e39f3fe1c78823611d29ba') in 0.006605 seconds 
========================================================================
Received Prepare
Registering precompiled user dll's ...
Registered in 0.012972 seconds.
Begin MonoManager ReloadAssembly
Symbol file LoadedFromMemory doesn't match image C:\Users\Administrator\Desktop\새 폴더 (2)\Photon Server Game\Library\PackageCache\com.unity.visualscripting@1.7.8\Editor\VisualScripting.Core\Dependencies\YamlDotNet\Unity.VisualScripting.YamlDotNet.dll
Symbol file LoadedFromMemory doesn't match image C:\Users\Administrator\Desktop\새 폴더 (2)\Photon Server Game\Library\PackageCache\com.unity.visualscripting@1.7.8\Editor\VisualScripting.Core\Dependencies\DotNetZip\Unity.VisualScripting.IonicZip.dll
Native extension for WindowsStandalone target not found
Refreshing native plugins compatible for Editor in 0.72 ms, found 3 plugins.
Preloading 0 native plugins for Editor in 0.00 ms.
Mono: successfully reloaded assembly
- Completed reload, in  1.453 seconds
Domain Reload Profiling:
	ReloadAssembly (1454ms)
		BeginReloadAssembly (182ms)
			ExecutionOrderSort (0ms)
			DisableScriptedObjects (7ms)
			BackupInstance (0ms)
			ReleaseScriptingObjects (0ms)
			CreateAndSetChildDomain (56ms)
		EndReloadAssembly (1144ms)
			LoadAssemblies (135ms)
			RebuildTransferFunctionScriptingTraits (0ms)
			SetupTypeCache (335ms)
			ReleaseScriptCaches (1ms)
			RebuildScriptCaches (45ms)
			SetupLoadedEditorAssemblies (593ms)
				LogAssemblyErrors (0ms)
				InitializePlatformSupportModulesInManaged (14ms)
				SetLoadedEditorAssemblies (0ms)
				RefreshPlugins (1ms)
				BeforeProcessingInitializeOnLoad (88ms)
				ProcessInitializeOnLoadAttributes (448ms)
				ProcessInitializeOnLoadMethodAttributes (31ms)
				AfterProcessingInitializeOnLoad (12ms)
				EditorAssembliesLoaded (0ms)
			ExecutionOrderSort2 (0ms)
			AwakeInstancesAfterBackupRestoration (9ms)
Platform modules already initialized, skipping
Refreshing native plugins compatible for Editor in 2.53 ms, found 3 plugins.
Preloading 0 native plugins for Editor in 0.00 ms.
Unloading 3703 Unused Serialized files (Serialized files now loaded: 0)
Unloading 31 unused Assets / (80.5 KB). Loaded Objects now: 4228.
Memory consumption went from 154.0 MB to 154.0 MB.
Total: 3.257200 ms (FindLiveObjects: 0.326600 ms CreateObjectMapping: 0.198700 ms MarkObjects: 2.650800 ms  DeleteObjects: 0.080400 ms)

AssetImportParameters requested are different than current active one (requested -> active):
  custom:video-decoder-ogg-theora: a1e56fd34408186e4bbccfd4996cb3dc -> 
  custom:container-muxer-webm: aa71ff27fc2769a1b78a27578f13a17b -> 
  custom:container-demuxer-webm: 4f35f7cbe854078d1ac9338744f61a02 -> 
  custom:video-encoder-webm-vp8: eb34c28f22e8b96e1ab97ce403110664 -> 
  custom:audio-encoder-webm-vorbis: bf7c407c2cedff20999df2af8eb42d56 -> 
  custom:framework-win-MediaFoundation: 216162199b28c13a410421893ffa2e32 -> 
  custom:container-demuxer-ogg: 62fdf1f143b41e24485cea50d1cbac27 -> 
  custom:video-decoder-webm-vp8: 9c59270c3fd7afecdb556c50c9e8de78 -> 
  custom:audio-decoder-ogg-vorbis: bf7c407c2cedff20999df2af8eb42d56 -> 
