Using pre-set license
Built from '2021.3/staging' branch; Version is '2021.3.14f1 (eee1884e7226) revision 15655304'; Using compiler version '192829333'; Build Type 'Release'
OS: 'Windows 10  (10.0.19045) 64bit Education' Language: 'ko' Physical Memory: 16318 MB
BatchMode: 1, IsHumanControllingUs: 0, StartBugReporterOnCrash: 0, Is64bit: 1, IsPro: 1

COMMAND LINE ARGUMENTS:
C:\Program Files\Unity\Hub\Editor\2021.3.14f1\Editor\Unity.exe
-adb2
-batchMode
-noUpm
-name
AssetImportWorker0
-projectPath
C:/Users/Administrator/Desktop/Unity-2D-Example/Photon Server Game
-logFile
Logs/AssetImportWorker0.log
-srvPort
60798
Successfully changed project path to: C:/Users/Administrator/Desktop/Unity-2D-Example/Photon Server Game
C:/Users/Administrator/Desktop/Unity-2D-Example/Photon Server Game
[UnityMemory] Configuration Parameters - Can be set up in boot.config
    "memorysetup-bucket-allocator-granularity=16"
    "memorysetup-bucket-allocator-bucket-count=8"
    "memorysetup-bucket-allocator-block-size=33554432"
    "memorysetup-bucket-allocator-block-count=8"
    "memorysetup-main-allocator-block-size=16777216"
    "memorysetup-thread-allocator-block-size=16777216"
    "memorysetup-gfx-main-allocator-block-size=16777216"
    "memorysetup-gfx-thread-allocator-block-size=16777216"
    "memorysetup-cache-allocator-block-size=4194304"
    "memorysetup-typetree-allocator-block-size=2097152"
    "memorysetup-profiler-bucket-allocator-granularity=16"
    "memorysetup-profiler-bucket-allocator-bucket-count=8"
    "memorysetup-profiler-bucket-allocator-block-size=33554432"
    "memorysetup-profiler-bucket-allocator-block-count=8"
    "memorysetup-profiler-allocator-block-size=16777216"
    "memorysetup-profiler-editor-allocator-block-size=1048576"
    "memorysetup-temp-allocator-size-main=16777216"
    "memorysetup-job-temp-allocator-block-size=2097152"
    "memorysetup-job-temp-allocator-block-size-background=1048576"
    "memorysetup-job-temp-allocator-reduction-small-platforms=262144"
    "memorysetup-temp-allocator-size-background-worker=32768"
    "memorysetup-temp-allocator-size-job-worker=262144"
    "memorysetup-temp-allocator-size-preload-manager=33554432"
    "memorysetup-temp-allocator-size-nav-mesh-worker=65536"
    "memorysetup-temp-allocator-size-audio-worker=65536"
    "memorysetup-temp-allocator-size-cloud-worker=32768"
    "memorysetup-temp-allocator-size-gi-baking-worker=262144"
    "memorysetup-temp-allocator-size-gfx=262144"
Refreshing native plugins compatible for Editor in 94.32 ms, found 3 plugins.
Preloading 0 native plugins for Editor in 0.00 ms.
Initialize engine version: 2021.3.14f1 (eee1884e7226)
[Subsystems] Discovering subsystems at path C:/Program Files/Unity/Hub/Editor/2021.3.14f1/Editor/Data/Resources/UnitySubsystems
[Subsystems] Discovering subsystems at path C:/Users/Administrator/Desktop/Unity-2D-Example/Photon Server Game/Assets
GfxDevice: creating device client; threaded=0; jobified=0
Direct3D:
    Version:  Direct3D 11.0 [level 11.1]
    Renderer: NVIDIA GeForce GTX 1660 (ID=0x2184)
    Vendor:   NVIDIA
    VRAM:     5991 MB
    Driver:   31.0.15.1694
Initialize mono
Mono path[0] = 'C:/Program Files/Unity/Hub/Editor/2021.3.14f1/Editor/Data/Managed'
Mono path[1] = 'C:/Program Files/Unity/Hub/Editor/2021.3.14f1/Editor/Data/MonoBleedingEdge/lib/mono/unityjit-win32'
Mono config path = 'C:/Program Files/Unity/Hub/Editor/2021.3.14f1/Editor/Data/MonoBleedingEdge/etc'
Using monoOptions --debugger-agent=transport=dt_socket,embedding=1,server=y,suspend=n,address=127.0.0.1:56420
Begin MonoManager ReloadAssembly
Registering precompiled unity dll's ...
Register platform support module: C:/Program Files/Unity/Hub/Editor/2021.3.14f1/Editor/Data/PlaybackEngines/WindowsStandaloneSupport/UnityEditor.WindowsStandalone.Extensions.dll
Registered in 0.010302 seconds.
Native extension for WindowsStandalone target not found
Refreshing native plugins compatible for Editor in 94.60 ms, found 3 plugins.
Preloading 0 native plugins for Editor in 0.00 ms.
Mono: successfully reloaded assembly
- Completed reload, in  0.677 seconds
Domain Reload Profiling:
	ReloadAssembly (677ms)
		BeginReloadAssembly (84ms)
			ExecutionOrderSort (0ms)
			DisableScriptedObjects (0ms)
			BackupInstance (0ms)
			ReleaseScriptingObjects (0ms)
			CreateAndSetChildDomain (1ms)
		EndReloadAssembly (478ms)
			LoadAssemblies (81ms)
			RebuildTransferFunctionScriptingTraits (0ms)
			SetupTypeCache (105ms)
			ReleaseScriptCaches (0ms)
			RebuildScriptCaches (30ms)
			SetupLoadedEditorAssemblies (288ms)
				LogAssemblyErrors (0ms)
				InitializePlatformSupportModulesInManaged (10ms)
				SetLoadedEditorAssemblies (0ms)
				RefreshPlugins (95ms)
				BeforeProcessingInitializeOnLoad (1ms)
				ProcessInitializeOnLoadAttributes (133ms)
				ProcessInitializeOnLoadMethodAttributes (48ms)
				AfterProcessingInitializeOnLoad (0ms)
				EditorAssembliesLoaded (0ms)
			ExecutionOrderSort2 (0ms)
			AwakeInstancesAfterBackupRestoration (0ms)
Platform modules already initialized, skipping
Registering precompiled user dll's ...
Registered in 0.011718 seconds.
Begin MonoManager ReloadAssembly
Symbol file LoadedFromMemory doesn't match image C:\Users\Administrator\Desktop\Unity-2D-Example\Photon Server Game\Library\PackageCache\com.unity.visualscripting@1.7.8\Editor\VisualScripting.Core\Dependencies\YamlDotNet\Unity.VisualScripting.YamlDotNet.dll
Symbol file LoadedFromMemory doesn't match image C:\Users\Administrator\Desktop\Unity-2D-Example\Photon Server Game\Library\PackageCache\com.unity.visualscripting@1.7.8\Editor\VisualScripting.Core\Dependencies\DotNetZip\Unity.VisualScripting.IonicZip.dll
Native extension for WindowsStandalone target not found
Refreshing native plugins compatible for Editor in 0.69 ms, found 3 plugins.
Preloading 0 native plugins for Editor in 0.00 ms.
Mono: successfully reloaded assembly
- Completed reload, in  1.475 seconds
Domain Reload Profiling:
	ReloadAssembly (1476ms)
		BeginReloadAssembly (128ms)
			ExecutionOrderSort (0ms)
			DisableScriptedObjects (6ms)
			BackupInstance (0ms)
			ReleaseScriptingObjects (0ms)
			CreateAndSetChildDomain (21ms)
		EndReloadAssembly (1214ms)
			LoadAssemblies (115ms)
			RebuildTransferFunctionScriptingTraits (0ms)
			SetupTypeCache (349ms)
			ReleaseScriptCaches (1ms)
			RebuildScriptCaches (71ms)
			SetupLoadedEditorAssemblies (639ms)
				LogAssemblyErrors (0ms)
				InitializePlatformSupportModulesInManaged (7ms)
				SetLoadedEditorAssemblies (1ms)
				RefreshPlugins (1ms)
				BeforeProcessingInitializeOnLoad (121ms)
				ProcessInitializeOnLoadAttributes (469ms)
				ProcessInitializeOnLoadMethodAttributes (30ms)
				AfterProcessingInitializeOnLoad (12ms)
				EditorAssembliesLoaded (0ms)
			ExecutionOrderSort2 (0ms)
			AwakeInstancesAfterBackupRestoration (7ms)
Platform modules already initialized, skipping
========================================================================
Worker process is ready to serve import requests
Launched and connected shader compiler UnityShaderCompiler.exe after 0.04 seconds
Refreshing native plugins compatible for Editor in 0.76 ms, found 3 plugins.
Preloading 0 native plugins for Editor in 0.00 ms.
Unloading 3705 Unused Serialized files (Serialized files now loaded: 0)
Unloading 40 unused Assets / (114.0 KB). Loaded Objects now: 4155.
Memory consumption went from 136.3 MB to 136.2 MB.
Total: 3.845300 ms (FindLiveObjects: 0.331800 ms CreateObjectMapping: 0.244400 ms MarkObjects: 3.151200 ms  DeleteObjects: 0.116600 ms)

AssetImportParameters requested are different than current active one (requested -> active):
  custom:video-decoder-ogg-theora: a1e56fd34408186e4bbccfd4996cb3dc -> 
  custom:container-muxer-webm: aa71ff27fc2769a1b78a27578f13a17b -> 
  custom:container-demuxer-webm: 4f35f7cbe854078d1ac9338744f61a02 -> 
  custom:video-encoder-webm-vp8: eb34c28f22e8b96e1ab97ce403110664 -> 
  custom:audio-encoder-webm-vorbis: bf7c407c2cedff20999df2af8eb42d56 -> 
  custom:framework-win-MediaFoundation: 216162199b28c13a410421893ffa2e32 -> 
  custom:container-demuxer-ogg: 62fdf1f143b41e24485cea50d1cbac27 -> 
  custom:video-decoder-webm-vp8: 9c59270c3fd7afecdb556c50c9e8de78 -> 
  custom:audio-decoder-ogg-vorbis: bf7c407c2cedff20999df2af8eb42d56 -> 
========================================================================
Received Import Request.
  Time since last request: 126220.646332 seconds.
  path: Assets/Model/Terrain.fbx
  artifactKey: Guid(35553d97d651cf948b46fa1fa1f1aa1e) Importer(815301076,1909f56bfc062723c751e8b465ee728b)
Start importing Assets/Model/Terrain.fbx using Guid(35553d97d651cf948b46fa1fa1f1aa1e) Importer(815301076,1909f56bfc062723c751e8b465ee728b)  -> (artifact id: '8633d3dd45aa2106f0215de0b27d891b') in 0.220272 seconds 
========================================================================
Received Import Request.
  Time since last request: 119.228486 seconds.
  path: Assets/Texture/Game Texture
  artifactKey: Guid(389592265e525ab44a28be559488d3e3) Importer(815301076,1909f56bfc062723c751e8b465ee728b)
Start importing Assets/Texture/Game Texture using Guid(389592265e525ab44a28be559488d3e3) Importer(815301076,1909f56bfc062723c751e8b465ee728b)  -> (artifact id: '3ed20f0e400b1b6deb1173d632c6a2bc') in 0.006020 seconds 
========================================================================
Received Import Request.
  Time since last request: 16.752340 seconds.
  path: Assets/Texture/Game Texture/Bee.png
  artifactKey: Guid(6bd05f6c52a340d47945b06b192e0f69) Importer(815301076,1909f56bfc062723c751e8b465ee728b)
Start importing Assets/Texture/Game Texture/Bee.png using Guid(6bd05f6c52a340d47945b06b192e0f69) Importer(815301076,1909f56bfc062723c751e8b465ee728b)  -> (artifact id: '549027180a46a3a557fb9fa666307685') in 0.018842 seconds 
========================================================================
Received Import Request.
  Time since last request: 104.730854 seconds.
  path: Assets/PlayFabSDK/PlayFab.asmdef
  artifactKey: Guid(0da6d172d18a54e4389d0dce1e1ffdf2) Importer(815301076,1909f56bfc062723c751e8b465ee728b)
Start importing Assets/PlayFabSDK/PlayFab.asmdef using Guid(0da6d172d18a54e4389d0dce1e1ffdf2) Importer(815301076,1909f56bfc062723c751e8b465ee728b)  -> (artifact id: '3f421315c134c6fdde9aaf94e141c556') in 0.007305 seconds 
========================================================================
Received Import Request.
  Time since last request: 44.637123 seconds.
  path: Assets/Script/CharacterSystem.cs
  artifactKey: Guid(2fcb1502a65fc2c40baf369c89058cd2) Importer(815301076,1909f56bfc062723c751e8b465ee728b)
Start importing Assets/Script/CharacterSystem.cs using Guid(2fcb1502a65fc2c40baf369c89058cd2) Importer(815301076,1909f56bfc062723c751e8b465ee728b)  -> (artifact id: '813af393858299f68469f6efb0567589') in 0.009831 seconds 
========================================================================
Received Prepare
Registering precompiled user dll's ...
Registered in 0.013361 seconds.
Begin MonoManager ReloadAssembly
Symbol file LoadedFromMemory doesn't match image C:\Users\Administrator\Desktop\Unity-2D-Example\Photon Server Game\Library\PackageCache\com.unity.visualscripting@1.7.8\Editor\VisualScripting.Core\Dependencies\YamlDotNet\Unity.VisualScripting.YamlDotNet.dll
Symbol file LoadedFromMemory doesn't match image C:\Users\Administrator\Desktop\Unity-2D-Example\Photon Server Game\Library\PackageCache\com.unity.visualscripting@1.7.8\Editor\VisualScripting.Core\Dependencies\DotNetZip\Unity.VisualScripting.IonicZip.dll
Native extension for WindowsStandalone target not found
Refreshing native plugins compatible for Editor in 0.66 ms, found 3 plugins.
Preloading 0 native plugins for Editor in 0.00 ms.
Mono: successfully reloaded assembly
- Completed reload, in  1.446 seconds
Domain Reload Profiling:
	ReloadAssembly (1447ms)
		BeginReloadAssembly (184ms)
			ExecutionOrderSort (0ms)
			DisableScriptedObjects (6ms)
			BackupInstance (0ms)
			ReleaseScriptingObjects (0ms)
			CreateAndSetChildDomain (53ms)
		EndReloadAssembly (1154ms)
			LoadAssemblies (123ms)
			RebuildTransferFunctionScriptingTraits (0ms)
			SetupTypeCache (329ms)
			ReleaseScriptCaches (2ms)
			RebuildScriptCaches (48ms)
			SetupLoadedEditorAssemblies (611ms)
				LogAssemblyErrors (0ms)
				InitializePlatformSupportModulesInManaged (14ms)
				SetLoadedEditorAssemblies (0ms)
				RefreshPlugins (1ms)
				BeforeProcessingInitializeOnLoad (88ms)
				ProcessInitializeOnLoadAttributes (468ms)
				ProcessInitializeOnLoadMethodAttributes (27ms)
				AfterProcessingInitializeOnLoad (13ms)
				EditorAssembliesLoaded (0ms)
			ExecutionOrderSort2 (0ms)
			AwakeInstancesAfterBackupRestoration (10ms)
Platform modules already initialized, skipping
Refreshing native plugins compatible for Editor in 2.39 ms, found 3 plugins.
Preloading 0 native plugins for Editor in 0.00 ms.
Unloading 3698 Unused Serialized files (Serialized files now loaded: 0)
Unloading 31 unused Assets / (80.6 KB). Loaded Objects now: 4207.
Memory consumption went from 140.9 MB to 140.8 MB.
Total: 3.605000 ms (FindLiveObjects: 0.279000 ms CreateObjectMapping: 0.181500 ms MarkObjects: 2.996200 ms  DeleteObjects: 0.147100 ms)

AssetImportParameters requested are different than current active one (requested -> active):
  custom:video-decoder-ogg-theora: a1e56fd34408186e4bbccfd4996cb3dc -> 
  custom:container-muxer-webm: aa71ff27fc2769a1b78a27578f13a17b -> 
  custom:container-demuxer-webm: 4f35f7cbe854078d1ac9338744f61a02 -> 
  custom:video-encoder-webm-vp8: eb34c28f22e8b96e1ab97ce403110664 -> 
  custom:audio-encoder-webm-vorbis: bf7c407c2cedff20999df2af8eb42d56 -> 
  custom:framework-win-MediaFoundation: 216162199b28c13a410421893ffa2e32 -> 
  custom:container-demuxer-ogg: 62fdf1f143b41e24485cea50d1cbac27 -> 
  custom:video-decoder-webm-vp8: 9c59270c3fd7afecdb556c50c9e8de78 -> 
  custom:audio-decoder-ogg-vorbis: bf7c407c2cedff20999df2af8eb42d56 -> 
========================================================================
Received Import Request.
  Time since last request: 354.628182 seconds.
  path: Assets/Resources/Character.prefab
  artifactKey: Guid(7eef4210531685a499c33c66918aa7ab) Importer(815301076,1909f56bfc062723c751e8b465ee728b)
Start importing Assets/Resources/Character.prefab using Guid(7eef4210531685a499c33c66918aa7ab) Importer(815301076,1909f56bfc062723c751e8b465ee728b)  -> (artifact id: '3f2b19280a5de8ae1f0a876d6600f9c9') in 0.158028 seconds 
========================================================================
Received Import Request.
  Time since last request: 0.026626 seconds.
  path: Assets/Resources/Character.prefab
  artifactKey: Guid(7eef4210531685a499c33c66918aa7ab) Importer(815301076,1909f56bfc062723c751e8b465ee728b)
Start importing Assets/Resources/Character.prefab using Guid(7eef4210531685a499c33c66918aa7ab) Importer(815301076,1909f56bfc062723c751e8b465ee728b)  -> (artifact id: 'c999f72932b1a285646c863d3691e7bc') in 0.046301 seconds 
========================================================================
Received Import Request.
  Time since last request: 116.264763 seconds.
  path: Assets/Script/GameManager.cs
  artifactKey: Guid(ef2902eb70d17a44db57b5fd79d82e51) Importer(815301076,1909f56bfc062723c751e8b465ee728b)
Start importing Assets/Script/GameManager.cs using Guid(ef2902eb70d17a44db57b5fd79d82e51) Importer(815301076,1909f56bfc062723c751e8b465ee728b)  -> (artifact id: '1758d7a6cef0c98cfc47279e0a187806') in 0.007804 seconds 
========================================================================
Received Prepare
Registering precompiled user dll's ...
Registered in 0.011670 seconds.
Begin MonoManager ReloadAssembly
Symbol file LoadedFromMemory doesn't match image C:\Users\Administrator\Desktop\Unity-2D-Example\Photon Server Game\Library\PackageCache\com.unity.visualscripting@1.7.8\Editor\VisualScripting.Core\Dependencies\YamlDotNet\Unity.VisualScripting.YamlDotNet.dll
Symbol file LoadedFromMemory doesn't match image C:\Users\Administrator\Desktop\Unity-2D-Example\Photon Server Game\Library\PackageCache\com.unity.visualscripting@1.7.8\Editor\VisualScripting.Core\Dependencies\DotNetZip\Unity.VisualScripting.IonicZip.dll
Native extension for WindowsStandalone target not found
Refreshing native plugins compatible for Editor in 0.68 ms, found 3 plugins.
Preloading 0 native plugins for Editor in 0.00 ms.
Mono: successfully reloaded assembly
- Completed reload, in  1.762 seconds
Domain Reload Profiling:
	ReloadAssembly (1763ms)
		BeginReloadAssembly (280ms)
			ExecutionOrderSort (0ms)
			DisableScriptedObjects (8ms)
			BackupInstance (0ms)
			ReleaseScriptingObjects (0ms)
			CreateAndSetChildDomain (127ms)
		EndReloadAssembly (1350ms)
			LoadAssemblies (175ms)
			RebuildTransferFunctionScriptingTraits (0ms)
			SetupTypeCache (400ms)
			ReleaseScriptCaches (2ms)
			RebuildScriptCaches (60ms)
			SetupLoadedEditorAssemblies (685ms)
				LogAssemblyErrors (0ms)
				InitializePlatformSupportModulesInManaged (14ms)
				SetLoadedEditorAssemblies (0ms)
				RefreshPlugins (1ms)
				BeforeProcessingInitializeOnLoad (96ms)
				ProcessInitializeOnLoadAttributes (523ms)
				ProcessInitializeOnLoadMethodAttributes (38ms)
				AfterProcessingInitializeOnLoad (14ms)
				EditorAssembliesLoaded (0ms)
			ExecutionOrderSort2 (0ms)
			AwakeInstancesAfterBackupRestoration (14ms)
Platform modules already initialized, skipping
Refreshing native plugins compatible for Editor in 3.24 ms, found 3 plugins.
Preloading 0 native plugins for Editor in 0.00 ms.
Unloading 3699 Unused Serialized files (Serialized files now loaded: 0)
Unloading 31 unused Assets / (81.7 KB). Loaded Objects now: 4214.
Memory consumption went from 153.6 MB to 153.5 MB.
Total: 2.762500 ms (FindLiveObjects: 0.275200 ms CreateObjectMapping: 0.160700 ms MarkObjects: 2.240800 ms  DeleteObjects: 0.085100 ms)

AssetImportParameters requested are different than current active one (requested -> active):
  custom:video-decoder-ogg-theora: a1e56fd34408186e4bbccfd4996cb3dc -> 
  custom:container-muxer-webm: aa71ff27fc2769a1b78a27578f13a17b -> 
  custom:container-demuxer-webm: 4f35f7cbe854078d1ac9338744f61a02 -> 
  custom:video-encoder-webm-vp8: eb34c28f22e8b96e1ab97ce403110664 -> 
  custom:audio-encoder-webm-vorbis: bf7c407c2cedff20999df2af8eb42d56 -> 
  custom:framework-win-MediaFoundation: 216162199b28c13a410421893ffa2e32 -> 
  custom:container-demuxer-ogg: 62fdf1f143b41e24485cea50d1cbac27 -> 
  custom:video-decoder-webm-vp8: 9c59270c3fd7afecdb556c50c9e8de78 -> 
  custom:audio-decoder-ogg-vorbis: bf7c407c2cedff20999df2af8eb42d56 -> 
========================================================================
Received Import Request.
  Time since last request: 86.124550 seconds.
  path: Assets/Resources/Character.prefab
  artifactKey: Guid(7eef4210531685a499c33c66918aa7ab) Importer(815301076,1909f56bfc062723c751e8b465ee728b)
Start importing Assets/Resources/Character.prefab using Guid(7eef4210531685a499c33c66918aa7ab) Importer(815301076,1909f56bfc062723c751e8b465ee728b)  -> (artifact id: 'aa17317cd7a2e9f771ceb1c210dfe965') in 0.134359 seconds 
========================================================================
Received Import Request.
  Time since last request: 0.467468 seconds.
  path: Assets/Resources/Character.prefab
  artifactKey: Guid(7eef4210531685a499c33c66918aa7ab) Importer(815301076,1909f56bfc062723c751e8b465ee728b)
Start importing Assets/Resources/Character.prefab using Guid(7eef4210531685a499c33c66918aa7ab) Importer(815301076,1909f56bfc062723c751e8b465ee728b)  -> (artifact id: 'b60acaa23afa49c25ec36cd98a64bcb9') in 0.049919 seconds 
========================================================================
Received Import Request.
  Time since last request: 1.161356 seconds.
  path: Assets/Resources/Character.prefab
  artifactKey: Guid(7eef4210531685a499c33c66918aa7ab) Importer(815301076,1909f56bfc062723c751e8b465ee728b)
Start importing Assets/Resources/Character.prefab using Guid(7eef4210531685a499c33c66918aa7ab) Importer(815301076,1909f56bfc062723c751e8b465ee728b)  -> (artifact id: '3af87960fb9ef75d7c26d2c81a19ae80') in 0.054826 seconds 
========================================================================
Received Import Request.
  Time since last request: 9.207213 seconds.
  path: Assets/Resources/Character.prefab
  artifactKey: Guid(7eef4210531685a499c33c66918aa7ab) Importer(815301076,1909f56bfc062723c751e8b465ee728b)
Start importing Assets/Resources/Character.prefab using Guid(7eef4210531685a499c33c66918aa7ab) Importer(815301076,1909f56bfc062723c751e8b465ee728b)  -> (artifact id: 'f139aa634989c157acdebc8a145a0eec') in 0.053106 seconds 
========================================================================
Received Import Request.
  Time since last request: 38.030686 seconds.
  path: Assets/Resources/Character.prefab
  artifactKey: Guid(7eef4210531685a499c33c66918aa7ab) Importer(815301076,1909f56bfc062723c751e8b465ee728b)
Start importing Assets/Resources/Character.prefab using Guid(7eef4210531685a499c33c66918aa7ab) Importer(815301076,1909f56bfc062723c751e8b465ee728b)  -> (artifact id: 'cc935be2a6c4c2823ec797c67b9324dc') in 0.161531 seconds 
========================================================================
Received Import Request.
  Time since last request: 1.119436 seconds.
  path: Assets/Resources/Character.prefab
  artifactKey: Guid(7eef4210531685a499c33c66918aa7ab) Importer(815301076,1909f56bfc062723c751e8b465ee728b)
Start importing Assets/Resources/Character.prefab using Guid(7eef4210531685a499c33c66918aa7ab) Importer(815301076,1909f56bfc062723c751e8b465ee728b)  -> (artifact id: '83d382dddb2d6f9327bf9eefe0f83341') in 0.046740 seconds 
========================================================================
Received Import Request.
  Time since last request: 5.269509 seconds.
  path: Assets/Resources/Character.prefab
  artifactKey: Guid(7eef4210531685a499c33c66918aa7ab) Importer(815301076,1909f56bfc062723c751e8b465ee728b)
Start importing Assets/Resources/Character.prefab using Guid(7eef4210531685a499c33c66918aa7ab) Importer(815301076,1909f56bfc062723c751e8b465ee728b)  -> (artifact id: '2d6f6448d6b7cc59c25786f5455f7996') in 0.052580 seconds 
========================================================================
Received Import Request.
  Time since last request: 1.553252 seconds.
  path: Assets/Resources/Character.prefab
  artifactKey: Guid(7eef4210531685a499c33c66918aa7ab) Importer(815301076,1909f56bfc062723c751e8b465ee728b)
Start importing Assets/Resources/Character.prefab using Guid(7eef4210531685a499c33c66918aa7ab) Importer(815301076,1909f56bfc062723c751e8b465ee728b)  -> (artifact id: '27e9a31e018aed03b670bc05c92d5cc1') in 0.057838 seconds 
========================================================================
Received Import Request.
  Time since last request: 576.619436 seconds.
  path: Assets/Resources/Character.prefab
  artifactKey: Guid(7eef4210531685a499c33c66918aa7ab) Importer(815301076,1909f56bfc062723c751e8b465ee728b)
Start importing Assets/Resources/Character.prefab using Guid(7eef4210531685a499c33c66918aa7ab) Importer(815301076,1909f56bfc062723c751e8b465ee728b)  -> (artifact id: '73a0ecc62562958716675c7735676450') in 0.055615 seconds 
========================================================================
Received Import Request.
  Time since last request: 9.829736 seconds.
  path: Assets/Resources/Character.prefab
  artifactKey: Guid(7eef4210531685a499c33c66918aa7ab) Importer(815301076,1909f56bfc062723c751e8b465ee728b)
Start importing Assets/Resources/Character.prefab using Guid(7eef4210531685a499c33c66918aa7ab) Importer(815301076,1909f56bfc062723c751e8b465ee728b)  -> (artifact id: 'cf35b15bae8f812479187fa42cf92bf6') in 0.049481 seconds 
========================================================================
Received Import Request.
  Time since last request: 14.266410 seconds.
  path: Assets/Resources/Character.prefab
  artifactKey: Guid(7eef4210531685a499c33c66918aa7ab) Importer(815301076,1909f56bfc062723c751e8b465ee728b)
Start importing Assets/Resources/Character.prefab using Guid(7eef4210531685a499c33c66918aa7ab) Importer(815301076,1909f56bfc062723c751e8b465ee728b)  -> (artifact id: '5d8c153ca530a695733baf945410f214') in 0.056745 seconds 
========================================================================
Received Import Request.
  Time since last request: 12.273805 seconds.
  path: Assets/Resources/Character.prefab
  artifactKey: Guid(7eef4210531685a499c33c66918aa7ab) Importer(815301076,1909f56bfc062723c751e8b465ee728b)
Start importing Assets/Resources/Character.prefab using Guid(7eef4210531685a499c33c66918aa7ab) Importer(815301076,1909f56bfc062723c751e8b465ee728b)  -> (artifact id: '2f1bb5141e11c738aaa414ba54de62cd') in 0.050039 seconds 
========================================================================
Received Import Request.
  Time since last request: 0.776443 seconds.
  path: Assets/Resources/Character.prefab
  artifactKey: Guid(7eef4210531685a499c33c66918aa7ab) Importer(815301076,1909f56bfc062723c751e8b465ee728b)
Start importing Assets/Resources/Character.prefab using Guid(7eef4210531685a499c33c66918aa7ab) Importer(815301076,1909f56bfc062723c751e8b465ee728b)  -> (artifact id: '945e434a9e5dbb38201b3710c5f7355d') in 0.053246 seconds 
========================================================================
Received Import Request.
  Time since last request: 0.338532 seconds.
  path: Assets/Resources/Character.prefab
  artifactKey: Guid(7eef4210531685a499c33c66918aa7ab) Importer(815301076,1909f56bfc062723c751e8b465ee728b)
Start importing Assets/Resources/Character.prefab using Guid(7eef4210531685a499c33c66918aa7ab) Importer(815301076,1909f56bfc062723c751e8b465ee728b)  -> (artifact id: 'cd09d6a2f6e75900f46cb41bd9587142') in 0.052127 seconds 
========================================================================
Received Import Request.
  Time since last request: 0.355390 seconds.
  path: Assets/Resources/Character.prefab
  artifactKey: Guid(7eef4210531685a499c33c66918aa7ab) Importer(815301076,1909f56bfc062723c751e8b465ee728b)
Start importing Assets/Resources/Character.prefab using Guid(7eef4210531685a499c33c66918aa7ab) Importer(815301076,1909f56bfc062723c751e8b465ee728b)  -> (artifact id: 'df66c3457851641f32fe7f904659beb9') in 0.049985 seconds 
========================================================================
Received Import Request.
  Time since last request: 38.568181 seconds.
  path: Assets/Script/Billboard.cs
  artifactKey: Guid(aff3ed676432f334faff1ee80e8815ea) Importer(815301076,1909f56bfc062723c751e8b465ee728b)
Start importing Assets/Script/Billboard.cs using Guid(aff3ed676432f334faff1ee80e8815ea) Importer(815301076,1909f56bfc062723c751e8b465ee728b)  -> (artifact id: '3d32b82bbae6da6d78ad111ee8d2a64b') in 0.007205 seconds 
========================================================================
Received Prepare
Registering precompiled user dll's ...
Registered in 0.016831 seconds.
Begin MonoManager ReloadAssembly
Symbol file LoadedFromMemory doesn't match image C:\Users\Administrator\Desktop\Unity-2D-Example\Photon Server Game\Library\PackageCache\com.unity.visualscripting@1.7.8\Editor\VisualScripting.Core\Dependencies\YamlDotNet\Unity.VisualScripting.YamlDotNet.dll
Symbol file LoadedFromMemory doesn't match image C:\Users\Administrator\Desktop\Unity-2D-Example\Photon Server Game\Library\PackageCache\com.unity.visualscripting@1.7.8\Editor\VisualScripting.Core\Dependencies\DotNetZip\Unity.VisualScripting.IonicZip.dll
Native extension for WindowsStandalone target not found
Refreshing native plugins compatible for Editor in 1.08 ms, found 3 plugins.
Preloading 0 native plugins for Editor in 0.00 ms.
Mono: successfully reloaded assembly
- Completed reload, in  1.817 seconds
Domain Reload Profiling:
	ReloadAssembly (1818ms)
		BeginReloadAssembly (260ms)
			ExecutionOrderSort (0ms)
			DisableScriptedObjects (8ms)
			BackupInstance (0ms)
			ReleaseScriptingObjects (0ms)
			CreateAndSetChildDomain (89ms)
		EndReloadAssembly (1396ms)
			LoadAssemblies (183ms)
			RebuildTransferFunctionScriptingTraits (0ms)
			SetupTypeCache (454ms)
			ReleaseScriptCaches (3ms)
			RebuildScriptCaches (61ms)
			SetupLoadedEditorAssemblies (661ms)
				LogAssemblyErrors (0ms)
				InitializePlatformSupportModulesInManaged (16ms)
				SetLoadedEditorAssemblies (1ms)
				RefreshPlugins (1ms)
				BeforeProcessingInitializeOnLoad (95ms)
				ProcessInitializeOnLoadAttributes (500ms)
				ProcessInitializeOnLoadMethodAttributes (34ms)
				AfterProcessingInitializeOnLoad (13ms)
				EditorAssembliesLoaded (0ms)
			ExecutionOrderSort2 (0ms)
			AwakeInstancesAfterBackupRestoration (14ms)
Platform modules already initialized, skipping
Refreshing native plugins compatible for Editor in 4.74 ms, found 3 plugins.
Preloading 0 native plugins for Editor in 0.00 ms.
Unloading 3700 Unused Serialized files (Serialized files now loaded: 0)
Unloading 31 unused Assets / (80.6 KB). Loaded Objects now: 4220.
Memory consumption went from 153.7 MB to 153.6 MB.
Total: 7.606800 ms (FindLiveObjects: 0.698500 ms CreateObjectMapping: 0.859000 ms MarkObjects: 5.843900 ms  DeleteObjects: 0.203200 ms)

AssetImportParameters requested are different than current active one (requested -> active):
  custom:video-decoder-ogg-theora: a1e56fd34408186e4bbccfd4996cb3dc -> 
  custom:container-muxer-webm: aa71ff27fc2769a1b78a27578f13a17b -> 
  custom:container-demuxer-webm: 4f35f7cbe854078d1ac9338744f61a02 -> 
  custom:video-encoder-webm-vp8: eb34c28f22e8b96e1ab97ce403110664 -> 
  custom:audio-encoder-webm-vorbis: bf7c407c2cedff20999df2af8eb42d56 -> 
  custom:framework-win-MediaFoundation: 216162199b28c13a410421893ffa2e32 -> 
  custom:container-demuxer-ogg: 62fdf1f143b41e24485cea50d1cbac27 -> 
  custom:video-decoder-webm-vp8: 9c59270c3fd7afecdb556c50c9e8de78 -> 
  custom:audio-decoder-ogg-vorbis: bf7c407c2cedff20999df2af8eb42d56 -> 
========================================================================
Received Import Request.
  Time since last request: 510.284384 seconds.
  path: Assets/Script/Billboard.cs
  artifactKey: Guid(aff3ed676432f334faff1ee80e8815ea) Importer(815301076,1909f56bfc062723c751e8b465ee728b)
Start importing Assets/Script/Billboard.cs using Guid(aff3ed676432f334faff1ee80e8815ea) Importer(815301076,1909f56bfc062723c751e8b465ee728b)  -> (artifact id: '92b906ceed236a9e2de01f0dce1c05c3') in 0.014416 seconds 
========================================================================
Received Prepare
Registering precompiled user dll's ...
Registered in 0.012098 seconds.
Begin MonoManager ReloadAssembly
Symbol file LoadedFromMemory doesn't match image C:\Users\Administrator\Desktop\Unity-2D-Example\Photon Server Game\Library\PackageCache\com.unity.visualscripting@1.7.8\Editor\VisualScripting.Core\Dependencies\YamlDotNet\Unity.VisualScripting.YamlDotNet.dll
Symbol file LoadedFromMemory doesn't match image C:\Users\Administrator\Desktop\Unity-2D-Example\Photon Server Game\Library\PackageCache\com.unity.visualscripting@1.7.8\Editor\VisualScripting.Core\Dependencies\DotNetZip\Unity.VisualScripting.IonicZip.dll
Native extension for WindowsStandalone target not found
Refreshing native plugins compatible for Editor in 1.83 ms, found 3 plugins.
Preloading 0 native plugins for Editor in 0.00 ms.
Mono: successfully reloaded assembly
- Completed reload, in  2.093 seconds
Domain Reload Profiling:
	ReloadAssembly (2094ms)
		BeginReloadAssembly (263ms)
			ExecutionOrderSort (0ms)
			DisableScriptedObjects (10ms)
			BackupInstance (0ms)
			ReleaseScriptingObjects (0ms)
			CreateAndSetChildDomain (97ms)
		EndReloadAssembly (1676ms)
			LoadAssemblies (228ms)
			RebuildTransferFunctionScriptingTraits (0ms)
			SetupTypeCache (462ms)
			ReleaseScriptCaches (4ms)
			RebuildScriptCaches (66ms)
			SetupLoadedEditorAssemblies (846ms)
				LogAssemblyErrors (0ms)
				InitializePlatformSupportModulesInManaged (16ms)
				SetLoadedEditorAssemblies (1ms)
				RefreshPlugins (2ms)
				BeforeProcessingInitializeOnLoad (103ms)
				ProcessInitializeOnLoadAttributes (677ms)
				ProcessInitializeOnLoadMethodAttributes (33ms)
				AfterProcessingInitializeOnLoad (14ms)
				EditorAssembliesLoaded (1ms)
			ExecutionOrderSort2 (0ms)
			AwakeInstancesAfterBackupRestoration (15ms)
Platform modules already initialized, skipping
Refreshing native plugins compatible for Editor in 5.18 ms, found 3 plugins.
Preloading 0 native plugins for Editor in 0.00 ms.
Unloading 3700 Unused Serialized files (Serialized files now loaded: 0)
Unloading 31 unused Assets / (80.6 KB). Loaded Objects now: 4225.
Memory consumption went from 153.7 MB to 153.6 MB.
Total: 5.082100 ms (FindLiveObjects: 0.353800 ms CreateObjectMapping: 0.299900 ms MarkObjects: 4.192400 ms  DeleteObjects: 0.234800 ms)

AssetImportParameters requested are different than current active one (requested -> active):
  custom:video-decoder-ogg-theora: a1e56fd34408186e4bbccfd4996cb3dc -> 
  custom:container-muxer-webm: aa71ff27fc2769a1b78a27578f13a17b -> 
  custom:container-demuxer-webm: 4f35f7cbe854078d1ac9338744f61a02 -> 
  custom:video-encoder-webm-vp8: eb34c28f22e8b96e1ab97ce403110664 -> 
  custom:audio-encoder-webm-vorbis: bf7c407c2cedff20999df2af8eb42d56 -> 
  custom:framework-win-MediaFoundation: 216162199b28c13a410421893ffa2e32 -> 
  custom:container-demuxer-ogg: 62fdf1f143b41e24485cea50d1cbac27 -> 
  custom:video-decoder-webm-vp8: 9c59270c3fd7afecdb556c50c9e8de78 -> 
  custom:audio-decoder-ogg-vorbis: bf7c407c2cedff20999df2af8eb42d56 -> 
========================================================================
Received Import Request.
  Time since last request: 884.222299 seconds.
  path: Assets/Scenes/Photon Room.unity
  artifactKey: Guid(f268bb3093c13ad4db280d5e1d6f30b3) Importer(815301076,1909f56bfc062723c751e8b465ee728b)
Start importing Assets/Scenes/Photon Room.unity using Guid(f268bb3093c13ad4db280d5e1d6f30b3) Importer(815301076,1909f56bfc062723c751e8b465ee728b)  -> (artifact id: 'd5b10c499de1c614f0cc09754b8ccbde') in 0.014490 seconds 
========================================================================
Received Import Request.
  Time since last request: 336.408329 seconds.
  path: Assets/Scenes/Photon Game.unity
  artifactKey: Guid(a4cd963bee8ae23409dbdbe11952fc13) Importer(815301076,1909f56bfc062723c751e8b465ee728b)
Start importing Assets/Scenes/Photon Game.unity using Guid(a4cd963bee8ae23409dbdbe11952fc13) Importer(815301076,1909f56bfc062723c751e8b465ee728b)  -> (artifact id: '1c589622a620cadce239faa13758be73') in 0.006339 seconds 
========================================================================
Received Import Request.
  Time since last request: 2.942057 seconds.
  path: Assets/Resources/Character.prefab
  artifactKey: Guid(7eef4210531685a499c33c66918aa7ab) Importer(815301076,1909f56bfc062723c751e8b465ee728b)
Start importing Assets/Resources/Character.prefab using Guid(7eef4210531685a499c33c66918aa7ab) Importer(815301076,1909f56bfc062723c751e8b465ee728b)  -> (artifact id: '28c342874ff671b9375b37eea756522f') in 0.144668 seconds 
========================================================================
Received Import Request.
  Time since last request: 64.039605 seconds.
  path: Assets/Script/CameraShake.cs
  artifactKey: Guid(2fc59e9ab97f8524abbe26c7465c011f) Importer(815301076,1909f56bfc062723c751e8b465ee728b)
Start importing Assets/Script/CameraShake.cs using Guid(2fc59e9ab97f8524abbe26c7465c011f) Importer(815301076,1909f56bfc062723c751e8b465ee728b)  -> (artifact id: '8607745263fcbe6f7940b0cd5f18a2d6') in 0.007905 seconds 
========================================================================
Received Prepare
Registering precompiled user dll's ...
Registered in 0.012522 seconds.
Begin MonoManager ReloadAssembly
Symbol file LoadedFromMemory doesn't match image C:\Users\Administrator\Desktop\Unity-2D-Example\Photon Server Game\Library\PackageCache\com.unity.visualscripting@1.7.8\Editor\VisualScripting.Core\Dependencies\YamlDotNet\Unity.VisualScripting.YamlDotNet.dll
Symbol file LoadedFromMemory doesn't match image C:\Users\Administrator\Desktop\Unity-2D-Example\Photon Server Game\Library\PackageCache\com.unity.visualscripting@1.7.8\Editor\VisualScripting.Core\Dependencies\DotNetZip\Unity.VisualScripting.IonicZip.dll
Native extension for WindowsStandalone target not found
Refreshing native plugins compatible for Editor in 0.66 ms, found 3 plugins.
Preloading 0 native plugins for Editor in 0.00 ms.
Mono: successfully reloaded assembly
- Completed reload, in  1.419 seconds
Domain Reload Profiling:
	ReloadAssembly (1420ms)
		BeginReloadAssembly (202ms)
			ExecutionOrderSort (0ms)
			DisableScriptedObjects (5ms)
			BackupInstance (0ms)
			ReleaseScriptingObjects (0ms)
			CreateAndSetChildDomain (68ms)
		EndReloadAssembly (1086ms)
			LoadAssemblies (136ms)
			RebuildTransferFunctionScriptingTraits (0ms)
			SetupTypeCache (332ms)
			ReleaseScriptCaches (1ms)
			RebuildScriptCaches (44ms)
			SetupLoadedEditorAssemblies (544ms)
				LogAssemblyErrors (0ms)
				InitializePlatformSupportModulesInManaged (13ms)
				SetLoadedEditorAssemblies (1ms)
				RefreshPlugins (1ms)
				BeforeProcessingInitializeOnLoad (87ms)
				ProcessInitializeOnLoadAttributes (405ms)
				ProcessInitializeOnLoadMethodAttributes (27ms)
				AfterProcessingInitializeOnLoad (10ms)
				EditorAssembliesLoaded (0ms)
			ExecutionOrderSort2 (0ms)
			AwakeInstancesAfterBackupRestoration (9ms)
Platform modules already initialized, skipping
Refreshing native plugins compatible for Editor in 2.54 ms, found 3 plugins.
Preloading 0 native plugins for Editor in 0.00 ms.
Unloading 3701 Unused Serialized files (Serialized files now loaded: 0)
Unloading 31 unused Assets / (80.5 KB). Loaded Objects now: 4233.
Memory consumption went from 153.9 MB to 153.8 MB.
Total: 3.359500 ms (FindLiveObjects: 0.310200 ms CreateObjectMapping: 0.181500 ms MarkObjects: 2.767800 ms  DeleteObjects: 0.099100 ms)

AssetImportParameters requested are different than current active one (requested -> active):
  custom:video-decoder-ogg-theora: a1e56fd34408186e4bbccfd4996cb3dc -> 
  custom:container-muxer-webm: aa71ff27fc2769a1b78a27578f13a17b -> 
  custom:container-demuxer-webm: 4f35f7cbe854078d1ac9338744f61a02 -> 
  custom:video-encoder-webm-vp8: eb34c28f22e8b96e1ab97ce403110664 -> 
  custom:audio-encoder-webm-vorbis: bf7c407c2cedff20999df2af8eb42d56 -> 
  custom:framework-win-MediaFoundation: 216162199b28c13a410421893ffa2e32 -> 
  custom:container-demuxer-ogg: 62fdf1f143b41e24485cea50d1cbac27 -> 
  custom:video-decoder-webm-vp8: 9c59270c3fd7afecdb556c50c9e8de78 -> 
  custom:audio-decoder-ogg-vorbis: bf7c407c2cedff20999df2af8eb42d56 -> 
========================================================================
Received Prepare
Registering precompiled user dll's ...
Registered in 0.011380 seconds.
Begin MonoManager ReloadAssembly
Symbol file LoadedFromMemory doesn't match image C:\Users\Administrator\Desktop\Unity-2D-Example\Photon Server Game\Library\PackageCache\com.unity.visualscripting@1.7.8\Editor\VisualScripting.Core\Dependencies\YamlDotNet\Unity.VisualScripting.YamlDotNet.dll
Symbol file LoadedFromMemory doesn't match image C:\Users\Administrator\Desktop\Unity-2D-Example\Photon Server Game\Library\PackageCache\com.unity.visualscripting@1.7.8\Editor\VisualScripting.Core\Dependencies\DotNetZip\Unity.VisualScripting.IonicZip.dll
Native extension for WindowsStandalone target not found
Refreshing native plugins compatible for Editor in 0.67 ms, found 3 plugins.
Preloading 0 native plugins for Editor in 0.00 ms.
Mono: successfully reloaded assembly
- Completed reload, in  1.565 seconds
Domain Reload Profiling:
	ReloadAssembly (1566ms)
		BeginReloadAssembly (188ms)
			ExecutionOrderSort (0ms)
			DisableScriptedObjects (7ms)
			BackupInstance (0ms)
			ReleaseScriptingObjects (0ms)
			CreateAndSetChildDomain (58ms)
		EndReloadAssembly (1265ms)
			LoadAssemblies (121ms)
			RebuildTransferFunctionScriptingTraits (0ms)
			SetupTypeCache (409ms)
			ReleaseScriptCaches (1ms)
			RebuildScriptCaches (49ms)
			SetupLoadedEditorAssemblies (624ms)
				LogAssemblyErrors (0ms)
				InitializePlatformSupportModulesInManaged (16ms)
				SetLoadedEditorAssemblies (0ms)
				RefreshPlugins (1ms)
				BeforeProcessingInitializeOnLoad (92ms)
				ProcessInitializeOnLoadAttributes (468ms)
				ProcessInitializeOnLoadMethodAttributes (32ms)
				AfterProcessingInitializeOnLoad (14ms)
				EditorAssembliesLoaded (1ms)
			ExecutionOrderSort2 (0ms)
			AwakeInstancesAfterBackupRestoration (11ms)
Platform modules already initialized, skipping
Refreshing native plugins compatible for Editor in 2.28 ms, found 3 plugins.
Preloading 0 native plugins for Editor in 0.00 ms.
Unloading 3701 Unused Serialized files (Serialized files now loaded: 0)
Unloading 31 unused Assets / (81.7 KB). Loaded Objects now: 4238.
Memory consumption went from 153.9 MB to 153.9 MB.
Total: 3.115900 ms (FindLiveObjects: 0.278100 ms CreateObjectMapping: 0.184900 ms MarkObjects: 2.430300 ms  DeleteObjects: 0.221700 ms)

AssetImportParameters requested are different than current active one (requested -> active):
  custom:video-decoder-ogg-theora: a1e56fd34408186e4bbccfd4996cb3dc -> 
  custom:container-muxer-webm: aa71ff27fc2769a1b78a27578f13a17b -> 
  custom:container-demuxer-webm: 4f35f7cbe854078d1ac9338744f61a02 -> 
  custom:video-encoder-webm-vp8: eb34c28f22e8b96e1ab97ce403110664 -> 
  custom:audio-encoder-webm-vorbis: bf7c407c2cedff20999df2af8eb42d56 -> 
  custom:framework-win-MediaFoundation: 216162199b28c13a410421893ffa2e32 -> 
  custom:container-demuxer-ogg: 62fdf1f143b41e24485cea50d1cbac27 -> 
  custom:video-decoder-webm-vp8: 9c59270c3fd7afecdb556c50c9e8de78 -> 
  custom:audio-decoder-ogg-vorbis: bf7c407c2cedff20999df2af8eb42d56 -> 
========================================================================
Received Import Request.
  Time since last request: 502.521322 seconds.
  path: Assets/Resources/Character.prefab
  artifactKey: Guid(7eef4210531685a499c33c66918aa7ab) Importer(815301076,1909f56bfc062723c751e8b465ee728b)
Start importing Assets/Resources/Character.prefab using Guid(7eef4210531685a499c33c66918aa7ab) Importer(815301076,1909f56bfc062723c751e8b465ee728b)  -> (artifact id: 'b4f80010853253140635b3f27d7ecac3') in 0.106253 seconds 
========================================================================
Received Import Request.
  Time since last request: 126.548420 seconds.
  path: Assets/Resources/Character.prefab
  artifactKey: Guid(7eef4210531685a499c33c66918aa7ab) Importer(815301076,1909f56bfc062723c751e8b465ee728b)
Start importing Assets/Resources/Character.prefab using Guid(7eef4210531685a499c33c66918aa7ab) Importer(815301076,1909f56bfc062723c751e8b465ee728b)  -> (artifact id: '30a4539211c597f604be3740e7c2fad9') in 0.041746 seconds 
========================================================================
Received Import Request.
  Time since last request: 0.508781 seconds.
  path: Assets/Resources/Character.prefab
  artifactKey: Guid(7eef4210531685a499c33c66918aa7ab) Importer(815301076,1909f56bfc062723c751e8b465ee728b)
Start importing Assets/Resources/Character.prefab using Guid(7eef4210531685a499c33c66918aa7ab) Importer(815301076,1909f56bfc062723c751e8b465ee728b)  -> (artifact id: 'e44db33aa6c225eff66be69e2b65c5b2') in 0.037925 seconds 
========================================================================
Received Import Request.
  Time since last request: 0.560287 seconds.
  path: Assets/Resources/Character.prefab
  artifactKey: Guid(7eef4210531685a499c33c66918aa7ab) Importer(815301076,1909f56bfc062723c751e8b465ee728b)
Start importing Assets/Resources/Character.prefab using Guid(7eef4210531685a499c33c66918aa7ab) Importer(815301076,1909f56bfc062723c751e8b465ee728b)  -> (artifact id: '5985c19564011acc65dfdf002beb1e14') in 0.054740 seconds 
========================================================================
Received Import Request.
  Time since last request: 52.805964 seconds.
  path: Assets/Animator/Bee Animator Controller.controller
  artifactKey: Guid(1059f1f7d8d713d40a188153993b8e51) Importer(815301076,1909f56bfc062723c751e8b465ee728b)
Start importing Assets/Animator/Bee Animator Controller.controller using Guid(1059f1f7d8d713d40a188153993b8e51) Importer(815301076,1909f56bfc062723c751e8b465ee728b)  -> (artifact id: 'ecf3c9789b8cbc684a001d7dd2b3ce0f') in 0.010228 seconds 
